{"/home/richard/rpi/actual-ai-fork/app.ts": {"path":"/home/richard/rpi/actual-ai-fork/app.ts","statementMap":{"0":{"start":{"line":1,"column":0},"end":{"line":1,"column":29}},"1":{"start":{"line":2,"column":0},"end":{"line":2,"column":62}},"2":{"start":{"line":3,"column":0},"end":{"line":3,"column":39}},"3":{"start":{"line":5,"column":0},"end":{"line":8,"column":1}},"4":{"start":{"line":6,"column":2},"end":{"line":6,"column":85}},"5":{"start":{"line":7,"column":2},"end":{"line":7,"column":18}},"6":{"start":{"line":10,"column":0},"end":{"line":14,"column":1}},"7":{"start":{"line":11,"column":2},"end":{"line":13,"column":5}},"8":{"start":{"line":12,"column":4},"end":{"line":12,"column":30}},"9":{"start":{"line":16,"column":0},"end":{"line":16,"column":35}},"10":{"start":{"line":17,"column":0},"end":{"line":23,"column":1}},"11":{"start":{"line":18,"column":2},"end":{"line":20,"column":7}},"12":{"start":{"line":19,"column":4},"end":{"line":19,"column":30}},"13":{"start":{"line":22,"column":2},"end":{"line":22,"column":79}}},"fnMap":{"0":{"name":"(anonymous_1)","decl":{"start":{"line":11,"column":30},"end":{"line":11,"column":35}},"loc":{"start":{"line":11,"column":41},"end":{"line":13,"column":3}}},"1":{"name":"(anonymous_2)","decl":{"start":{"line":18,"column":3},"end":{"line":18,"column":8}},"loc":{"start":{"line":18,"column":14},"end":{"line":20,"column":3}}}},"branchMap":{"0":{"loc":{"start":{"line":5,"column":0},"end":{"line":8,"column":1}},"type":"if","locations":[{"start":{"line":5,"column":0},"end":{"line":8,"column":1}}]},"1":{"loc":{"start":{"line":5,"column":4},"end":{"line":5,"column":74}},"type":"binary-expr","locations":[{"start":{"line":5,"column":4},"end":{"line":5,"column":42}},{"start":{"line":5,"column":46},"end":{"line":5,"column":74}}]},"2":{"loc":{"start":{"line":10,"column":0},"end":{"line":14,"column":1}},"type":"if","locations":[{"start":{"line":10,"column":0},"end":{"line":14,"column":1}}]},"3":{"loc":{"start":{"line":17,"column":0},"end":{"line":23,"column":1}},"type":"if","locations":[{"start":{"line":17,"column":0},"end":{"line":23,"column":1}},{"start":{"line":21,"column":7},"end":{"line":23,"column":1}}]}},"s":{"0":0,"1":0,"2":0,"3":0,"4":0,"5":0,"6":0,"7":0,"8":0,"9":0,"10":0,"11":0,"12":0,"13":0},"f":{"0":0,"1":0},"b":{"0":[0],"1":[0,0],"2":[0],"3":[0,0]}}
,"/home/richard/rpi/actual-ai-fork/src/actual-ai.ts": {"path":"/home/richard/rpi/actual-ai-fork/src/actual-ai.ts","statementMap":{"0":{"start":{"line":4,"column":0},"end":{"line":4,"column":47}},"1":{"start":{"line":5,"column":0},"end":{"line":5,"column":50}},"2":{"start":{"line":6,"column":0},"end":{"line":6,"column":44}},"3":{"start":{"line":20,"column":4},"end":{"line":20,"column":49}},"4":{"start":{"line":21,"column":4},"end":{"line":21,"column":45}},"5":{"start":{"line":22,"column":4},"end":{"line":22,"column":39}},"6":{"start":{"line":26,"column":4},"end":{"line":26,"column":51}},"7":{"start":{"line":27,"column":23},"end":{"line":27,"column":28}},"8":{"start":{"line":28,"column":4},"end":{"line":73,"column":5}},"9":{"start":{"line":29,"column":6},"end":{"line":29,"column":50}},"10":{"start":{"line":30,"column":6},"end":{"line":30,"column":26}},"11":{"start":{"line":32,"column":6},"end":{"line":41,"column":7}},"12":{"start":{"line":33,"column":8},"end":{"line":35,"column":9}},"13":{"start":{"line":34,"column":10},"end":{"line":34,"column":36}},"14":{"start":{"line":37,"column":8},"end":{"line":40,"column":10}},"15":{"start":{"line":43,"column":6},"end":{"line":43,"column":47}},"16":{"start":{"line":45,"column":6},"end":{"line":59,"column":7}},"17":{"start":{"line":46,"column":8},"end":{"line":46,"column":60}},"18":{"start":{"line":48,"column":8},"end":{"line":58,"column":9}},"19":{"start":{"line":49,"column":10},"end":{"line":49,"column":87}},"20":{"start":{"line":50,"column":10},"end":{"line":50,"column":74}},"21":{"start":{"line":51,"column":10},"end":{"line":51,"column":73}},"22":{"start":{"line":52,"column":10},"end":{"line":52,"column":76}},"23":{"start":{"line":54,"column":10},"end":{"line":57,"column":12}},"24":{"start":{"line":61,"column":6},"end":{"line":64,"column":8}},"25":{"start":{"line":66,"column":6},"end":{"line":72,"column":7}},"26":{"start":{"line":67,"column":8},"end":{"line":69,"column":9}},"27":{"start":{"line":68,"column":10},"end":{"line":68,"column":52}},"28":{"start":{"line":71,"column":8},"end":{"line":71,"column":80}},"29":{"start":{"line":77,"column":4},"end":{"line":77,"column":41}},"30":{"start":{"line":78,"column":4},"end":{"line":86,"column":5}},"31":{"start":{"line":79,"column":6},"end":{"line":79,"column":86}},"32":{"start":{"line":79,"column":49},"end":{"line":79,"column":84}},"33":{"start":{"line":80,"column":6},"end":{"line":80,"column":42}},"34":{"start":{"line":82,"column":6},"end":{"line":85,"column":8}},"35":{"start":{"line":90,"column":4},"end":{"line":90,"column":29}},"36":{"start":{"line":90,"column":16},"end":{"line":90,"column":29}},"37":{"start":{"line":92,"column":21},"end":{"line":92,"column":39}},"38":{"start":{"line":93,"column":4},"end":{"line":98,"column":80}},"39":{"start":{"line":102,"column":0},"end":{"line":102,"column":31}}},"fnMap":{"0":{"name":"(anonymous_1)","decl":{"start":{"line":15,"column":2},"end":{"line":15,"column":null}},"loc":{"start":{"line":18,"column":33},"end":{"line":23,"column":3}}},"1":{"name":"(anonymous_2)","decl":{"start":{"line":25,"column":9},"end":{"line":25,"column":14}},"loc":{"start":{"line":25,"column":23},"end":{"line":74,"column":3}}},"2":{"name":"(anonymous_3)","decl":{"start":{"line":76,"column":2},"end":{"line":76,"column":7}},"loc":{"start":{"line":76,"column":20},"end":{"line":87,"column":3}}},"3":{"name":"(anonymous_4)","decl":{"start":{"line":79,"column":37},"end":{"line":79,"column":42}},"loc":{"start":{"line":79,"column":49},"end":{"line":79,"column":84}}},"4":{"name":"(anonymous_5)","decl":{"start":{"line":89,"column":10},"end":{"line":89,"column":26}},"loc":{"start":{"line":89,"column":41},"end":{"line":99,"column":3}}}},"branchMap":{"0":{"loc":{"start":{"line":33,"column":8},"end":{"line":35,"column":9}},"type":"if","locations":[{"start":{"line":33,"column":8},"end":{"line":35,"column":9}}]},"1":{"loc":{"start":{"line":48,"column":8},"end":{"line":58,"column":9}},"type":"if","locations":[{"start":{"line":48,"column":8},"end":{"line":58,"column":9}},{"start":{"line":53,"column":15},"end":{"line":58,"column":9}}]},"2":{"loc":{"start":{"line":67,"column":8},"end":{"line":69,"column":9}},"type":"if","locations":[{"start":{"line":67,"column":8},"end":{"line":69,"column":9}}]},"3":{"loc":{"start":{"line":90,"column":4},"end":{"line":90,"column":29}},"type":"if","locations":[{"start":{"line":90,"column":4},"end":{"line":90,"column":29}}]},"4":{"loc":{"start":{"line":93,"column":11},"end":{"line":98,"column":79}},"type":"binary-expr","locations":[{"start":{"line":93,"column":11},"end":{"line":93,"column":42}},{"start":{"line":94,"column":14},"end":{"line":94,"column":47}},{"start":{"line":95,"column":14},"end":{"line":95,"column":54}},{"start":{"line":96,"column":15},"end":{"line":96,"column":37}},{"start":{"line":97,"column":15},"end":{"line":97,"column":36}},{"start":{"line":98,"column":16},"end":{"line":98,"column":78}}]}},"s":{"0":2,"1":2,"2":2,"3":17,"4":17,"5":17,"6":16,"7":16,"8":16,"9":16,"10":16,"11":16,"12":16,"13":1,"14":0,"15":16,"16":16,"17":16,"18":0,"19":0,"20":0,"21":0,"22":0,"23":0,"24":0,"25":16,"26":16,"27":16,"28":0,"29":1,"30":1,"31":1,"32":1,"33":1,"34":0,"35":0,"36":0,"37":0,"38":0,"39":2},"f":{"0":17,"1":16,"2":1,"3":1,"4":0},"b":{"0":[1],"1":[0,0],"2":[16],"3":[0],"4":[0,0,0,0,0,0]}}
,"/home/richard/rpi/actual-ai-fork/src/actual-api-service.ts": {"path":"/home/richard/rpi/actual-ai-fork/src/actual-api-service.ts","statementMap":{"0":{"start":{"line":7,"column":0},"end":{"line":7,"column":24}},"1":{"start":{"line":12,"column":2},"end":{"line":12,"column":32}},"2":{"start":{"line":32,"column":10},"end":{"line":32,"column":39}},"3":{"start":{"line":46,"column":4},"end":{"line":46,"column":43}},"4":{"start":{"line":47,"column":4},"end":{"line":47,"column":17}},"5":{"start":{"line":48,"column":4},"end":{"line":48,"column":27}},"6":{"start":{"line":49,"column":4},"end":{"line":49,"column":31}},"7":{"start":{"line":50,"column":4},"end":{"line":50,"column":29}},"8":{"start":{"line":51,"column":4},"end":{"line":51,"column":29}},"9":{"start":{"line":52,"column":4},"end":{"line":52,"column":35}},"10":{"start":{"line":53,"column":4},"end":{"line":53,"column":29}},"11":{"start":{"line":54,"column":4},"end":{"line":54,"column":63}},"12":{"start":{"line":60,"column":4},"end":{"line":62,"column":5}},"13":{"start":{"line":61,"column":6},"end":{"line":61,"column":59}},"14":{"start":{"line":64,"column":4},"end":{"line":93,"column":5}},"15":{"start":{"line":65,"column":6},"end":{"line":92,"column":7}},"16":{"start":{"line":66,"column":20},"end":{"line":66,"column":63}},"17":{"start":{"line":67,"column":23},"end":{"line":67,"column":78}},"18":{"start":{"line":68,"column":20},"end":{"line":68,"column":31}},"19":{"start":{"line":69,"column":8},"end":{"line":88,"column":9}},"20":{"start":{"line":70,"column":10},"end":{"line":84,"column":11}},"21":{"start":{"line":71,"column":12},"end":{"line":71,"column":33}},"22":{"start":{"line":72,"column":12},"end":{"line":75,"column":14}},"23":{"start":{"line":77,"column":12},"end":{"line":83,"column":13}},"24":{"start":{"line":79,"column":14},"end":{"line":79,"column":48}},"25":{"start":{"line":80,"column":19},"end":{"line":83,"column":13}},"26":{"start":{"line":82,"column":14},"end":{"line":82,"column":26}},"27":{"start":{"line":87,"column":10},"end":{"line":87,"column":44}},"28":{"start":{"line":91,"column":8},"end":{"line":91,"column":80}},"29":{"start":{"line":96,"column":4},"end":{"line":96,"column":56}},"30":{"start":{"line":97,"column":4},"end":{"line":100,"column":6}},"31":{"start":{"line":104,"column":4},"end":{"line":114,"column":5}},"32":{"start":{"line":105,"column":6},"end":{"line":108,"column":7}},"33":{"start":{"line":106,"column":8},"end":{"line":106,"column":39}},"34":{"start":{"line":107,"column":8},"end":{"line":107,"column":27}},"35":{"start":{"line":109,"column":6},"end":{"line":111,"column":7}},"36":{"start":{"line":110,"column":8},"end":{"line":110,"column":42}},"37":{"start":{"line":118,"column":4},"end":{"line":118,"column":30}},"38":{"start":{"line":120,"column":4},"end":{"line":124,"column":7}},"39":{"start":{"line":126,"column":4},"end":{"line":154,"column":5}},"40":{"start":{"line":127,"column":6},"end":{"line":133,"column":7}},"41":{"start":{"line":128,"column":8},"end":{"line":130,"column":11}},"42":{"start":{"line":132,"column":8},"end":{"line":132,"column":65}},"43":{"start":{"line":134,"column":6},"end":{"line":134,"column":39}},"44":{"start":{"line":136,"column":25},"end":{"line":136,"column":52}},"45":{"start":{"line":137,"column":6},"end":{"line":142,"column":7}},"46":{"start":{"line":138,"column":8},"end":{"line":138,"column":45}},"47":{"start":{"line":139,"column":8},"end":{"line":141,"column":9}},"48":{"start":{"line":140,"column":10},"end":{"line":140,"column":52}},"49":{"start":{"line":143,"column":6},"end":{"line":143,"column":34}},"50":{"start":{"line":144,"column":6},"end":{"line":144,"column":50}},"51":{"start":{"line":146,"column":6},"end":{"line":146,"column":44}},"52":{"start":{"line":147,"column":6},"end":{"line":147,"column":32}},"53":{"start":{"line":149,"column":6},"end":{"line":153,"column":37}},"54":{"start":{"line":158,"column":4},"end":{"line":158,"column":42}},"55":{"start":{"line":159,"column":4},"end":{"line":159,"column":30}},"56":{"start":{"line":164,"column":4},"end":{"line":164,"column":52}},"57":{"start":{"line":169,"column":4},"end":{"line":169,"column":48}},"58":{"start":{"line":174,"column":4},"end":{"line":174,"column":44}},"59":{"start":{"line":179,"column":4},"end":{"line":179,"column":46}},"60":{"start":{"line":183,"column":46},"end":{"line":183,"column":48}},"61":{"start":{"line":184,"column":21},"end":{"line":184,"column":45}},"62":{"start":{"line":186,"column":4},"end":{"line":200,"column":5}},"63":{"start":{"line":187,"column":34},"end":{"line":190,"column":null}},"64":{"start":{"line":193,"column":6},"end":{"line":199,"column":9}},"65":{"start":{"line":194,"column":8},"end":{"line":194,"column":29}},"66":{"start":{"line":196,"column":8},"end":{"line":198,"column":9}},"67":{"start":{"line":197,"column":10},"end":{"line":197,"column":50}},"68":{"start":{"line":201,"column":4},"end":{"line":201,"column":24}},"69":{"start":{"line":206,"column":4},"end":{"line":206,"column":43}},"70":{"start":{"line":211,"column":4},"end":{"line":211,"column":55}},"71":{"start":{"line":215,"column":21},"end":{"line":215,"column":45}},"72":{"start":{"line":217,"column":4},"end":{"line":227,"column":5}},"73":{"start":{"line":218,"column":34},"end":{"line":221,"column":null}},"74":{"start":{"line":223,"column":21},"end":{"line":223,"column":71}},"75":{"start":{"line":223,"column":53},"end":{"line":223,"column":70}},"76":{"start":{"line":224,"column":6},"end":{"line":226,"column":7}},"77":{"start":{"line":225,"column":8},"end":{"line":225,"column":22}},"78":{"start":{"line":228,"column":4},"end":{"line":228,"column":16}},"79":{"start":{"line":235,"column":4},"end":{"line":238,"column":5}},"80":{"start":{"line":236,"column":6},"end":{"line":236,"column":95}},"81":{"start":{"line":237,"column":6},"end":{"line":237,"column":13}},"82":{"start":{"line":240,"column":4},"end":{"line":255,"column":5}},"83":{"start":{"line":241,"column":6},"end":{"line":241,"column":133}},"84":{"start":{"line":242,"column":21},"end":{"line":242,"column":75}},"85":{"start":{"line":243,"column":6},"end":{"line":254,"column":7}},"86":{"start":{"line":244,"column":39},"end":{"line":249,"column":10}},"87":{"start":{"line":245,"column":10},"end":{"line":247,"column":11}},"88":{"start":{"line":246,"column":12},"end":{"line":246,"column":37}},"89":{"start":{"line":248,"column":10},"end":{"line":248,"column":21}},"90":{"start":{"line":250,"column":8},"end":{"line":252,"column":11}},"91":{"start":{"line":253,"column":8},"end":{"line":253,"column":15}},"92":{"start":{"line":257,"column":4},"end":{"line":257,"column":76}},"93":{"start":{"line":265,"column":4},"end":{"line":268,"column":5}},"94":{"start":{"line":266,"column":6},"end":{"line":266,"column":122}},"95":{"start":{"line":267,"column":6},"end":{"line":267,"column":13}},"96":{"start":{"line":270,"column":4},"end":{"line":285,"column":5}},"97":{"start":{"line":271,"column":6},"end":{"line":271,"column":133}},"98":{"start":{"line":272,"column":21},"end":{"line":272,"column":75}},"99":{"start":{"line":273,"column":6},"end":{"line":284,"column":7}},"100":{"start":{"line":274,"column":39},"end":{"line":279,"column":10}},"101":{"start":{"line":275,"column":10},"end":{"line":277,"column":11}},"102":{"start":{"line":276,"column":12},"end":{"line":276,"column":59}},"103":{"start":{"line":278,"column":10},"end":{"line":278,"column":21}},"104":{"start":{"line":280,"column":8},"end":{"line":282,"column":11}},"105":{"start":{"line":283,"column":8},"end":{"line":283,"column":15}},"106":{"start":{"line":287,"column":4},"end":{"line":287,"column":98}},"107":{"start":{"line":291,"column":4},"end":{"line":294,"column":5}},"108":{"start":{"line":292,"column":6},"end":{"line":292,"column":50}},"109":{"start":{"line":293,"column":6},"end":{"line":293,"column":13}},"110":{"start":{"line":295,"column":4},"end":{"line":295,"column":45}},"111":{"start":{"line":299,"column":4},"end":{"line":302,"column":5}},"112":{"start":{"line":300,"column":6},"end":{"line":300,"column":86}},"113":{"start":{"line":301,"column":6},"end":{"line":301,"column":23}},"114":{"start":{"line":304,"column":19},"end":{"line":307,"column":6}},"115":{"start":{"line":310,"column":4},"end":{"line":310,"column":18}},"116":{"start":{"line":314,"column":4},"end":{"line":317,"column":5}},"117":{"start":{"line":315,"column":6},"end":{"line":315,"column":67}},"118":{"start":{"line":316,"column":6},"end":{"line":316,"column":23}},"119":{"start":{"line":319,"column":4},"end":{"line":321,"column":7}},"120":{"start":{"line":325,"column":4},"end":{"line":328,"column":5}},"121":{"start":{"line":326,"column":6},"end":{"line":326,"column":87}},"122":{"start":{"line":327,"column":6},"end":{"line":327,"column":13}},"123":{"start":{"line":329,"column":4},"end":{"line":329,"column":65}},"124":{"start":{"line":333,"column":0},"end":{"line":333,"column":32}}},"fnMap":{"0":{"name":"isErrnoException","decl":{"start":{"line":11,"column":9},"end":{"line":11,"column":25}},"loc":{"start":{"line":11,"column":40},"end":{"line":13,"column":1}}},"1":{"name":"(anonymous_2)","decl":{"start":{"line":36,"column":2},"end":{"line":36,"column":null}},"loc":{"start":{"line":44,"column":21},"end":{"line":55,"column":3}}},"2":{"name":"(anonymous_3)","decl":{"start":{"line":57,"column":10},"end":{"line":57,"column":28}},"loc":{"start":{"line":57,"column":28},"end":{"line":101,"column":3}}},"3":{"name":"(anonymous_4)","decl":{"start":{"line":103,"column":10},"end":{"line":103,"column":28}},"loc":{"start":{"line":103,"column":28},"end":{"line":115,"column":3}}},"4":{"name":"(anonymous_5)","decl":{"start":{"line":117,"column":9},"end":{"line":117,"column":14}},"loc":{"start":{"line":117,"column":28},"end":{"line":155,"column":3}}},"5":{"name":"(anonymous_6)","decl":{"start":{"line":157,"column":9},"end":{"line":157,"column":14}},"loc":{"start":{"line":157,"column":26},"end":{"line":160,"column":3}}},"6":{"name":"(anonymous_7)","decl":{"start":{"line":162,"column":9},"end":{"line":162,"column":14}},"loc":{"start":{"line":162,"column":32},"end":{"line":165,"column":3}}},"7":{"name":"(anonymous_8)","decl":{"start":{"line":167,"column":9},"end":{"line":167,"column":14}},"loc":{"start":{"line":167,"column":28},"end":{"line":170,"column":3}}},"8":{"name":"(anonymous_9)","decl":{"start":{"line":172,"column":9},"end":{"line":172,"column":14}},"loc":{"start":{"line":172,"column":24},"end":{"line":175,"column":3}}},"9":{"name":"(anonymous_10)","decl":{"start":{"line":177,"column":9},"end":{"line":177,"column":14}},"loc":{"start":{"line":177,"column":26},"end":{"line":180,"column":3}}},"10":{"name":"(anonymous_11)","decl":{"start":{"line":182,"column":9},"end":{"line":182,"column":14}},"loc":{"start":{"line":182,"column":30},"end":{"line":202,"column":3}}},"11":{"name":"(anonymous_12)","decl":{"start":{"line":193,"column":34},"end":{"line":193,"column":35}},"loc":{"start":{"line":193,"column":40},"end":{"line":199,"column":7}}},"12":{"name":"(anonymous_13)","decl":{"start":{"line":204,"column":9},"end":{"line":204,"column":14}},"loc":{"start":{"line":204,"column":23},"end":{"line":207,"column":3}}},"13":{"name":"(anonymous_14)","decl":{"start":{"line":209,"column":9},"end":{"line":209,"column":14}},"loc":{"start":{"line":209,"column":44},"end":{"line":212,"column":3}}},"14":{"name":"(anonymous_15)","decl":{"start":{"line":214,"column":10},"end":{"line":214,"column":15}},"loc":{"start":{"line":214,"column":53},"end":{"line":229,"column":3}}},"15":{"name":"(anonymous_16)","decl":{"start":{"line":223,"column":46},"end":{"line":223,"column":47}},"loc":{"start":{"line":223,"column":53},"end":{"line":223,"column":70}}},"16":{"name":"(anonymous_17)","decl":{"start":{"line":231,"column":9},"end":{"line":231,"column":14}},"loc":{"start":{"line":233,"column":17},"end":{"line":258,"column":3}}},"17":{"name":"(anonymous_18)","decl":{"start":{"line":244,"column":66},"end":{"line":244,"column":67}},"loc":{"start":{"line":244,"column":74},"end":{"line":249,"column":9}}},"18":{"name":"(anonymous_19)","decl":{"start":{"line":260,"column":9},"end":{"line":260,"column":14}},"loc":{"start":{"line":263,"column":22},"end":{"line":288,"column":3}}},"19":{"name":"(anonymous_20)","decl":{"start":{"line":274,"column":66},"end":{"line":274,"column":67}},"loc":{"start":{"line":274,"column":74},"end":{"line":279,"column":9}}},"20":{"name":"(anonymous_21)","decl":{"start":{"line":290,"column":9},"end":{"line":290,"column":14}},"loc":{"start":{"line":290,"column":26},"end":{"line":296,"column":3}}},"21":{"name":"(anonymous_22)","decl":{"start":{"line":298,"column":9},"end":{"line":298,"column":14}},"loc":{"start":{"line":298,"column":59},"end":{"line":311,"column":3}}},"22":{"name":"(anonymous_23)","decl":{"start":{"line":313,"column":9},"end":{"line":313,"column":14}},"loc":{"start":{"line":313,"column":47},"end":{"line":322,"column":3}}},"23":{"name":"(anonymous_24)","decl":{"start":{"line":324,"column":9},"end":{"line":324,"column":14}},"loc":{"start":{"line":324,"column":59},"end":{"line":330,"column":3}}}},"branchMap":{"0":{"loc":{"start":{"line":60,"column":4},"end":{"line":62,"column":5}},"type":"if","locations":[{"start":{"line":60,"column":4},"end":{"line":62,"column":5}}]},"1":{"loc":{"start":{"line":64,"column":4},"end":{"line":93,"column":5}},"type":"if","locations":[{"start":{"line":64,"column":4},"end":{"line":93,"column":5}}]},"2":{"loc":{"start":{"line":69,"column":8},"end":{"line":88,"column":9}},"type":"if","locations":[{"start":{"line":69,"column":8},"end":{"line":88,"column":9}},{"start":{"line":85,"column":15},"end":{"line":88,"column":9}}]},"3":{"loc":{"start":{"line":77,"column":12},"end":{"line":83,"column":13}},"type":"if","locations":[{"start":{"line":77,"column":12},"end":{"line":83,"column":13}},{"start":{"line":80,"column":19},"end":{"line":83,"column":13}}]},"4":{"loc":{"start":{"line":77,"column":16},"end":{"line":77,"column":65}},"type":"binary-expr","locations":[{"start":{"line":77,"column":16},"end":{"line":77,"column":39}},{"start":{"line":77,"column":43},"end":{"line":77,"column":65}}]},"5":{"loc":{"start":{"line":80,"column":19},"end":{"line":83,"column":13}},"type":"if","locations":[{"start":{"line":80,"column":19},"end":{"line":83,"column":13}}]},"6":{"loc":{"start":{"line":91,"column":14},"end":{"line":91,"column":79}},"type":"cond-expr","locations":[{"start":{"line":91,"column":35},"end":{"line":91,"column":36}},{"start":{"line":91,"column":39},"end":{"line":91,"column":79}}]},"7":{"loc":{"start":{"line":105,"column":6},"end":{"line":108,"column":7}},"type":"if","locations":[{"start":{"line":105,"column":6},"end":{"line":108,"column":7}}]},"8":{"loc":{"start":{"line":109,"column":6},"end":{"line":111,"column":7}},"type":"if","locations":[{"start":{"line":109,"column":6},"end":{"line":111,"column":7}}]},"9":{"loc":{"start":{"line":127,"column":6},"end":{"line":133,"column":7}},"type":"if","locations":[{"start":{"line":127,"column":6},"end":{"line":133,"column":7}},{"start":{"line":131,"column":13},"end":{"line":133,"column":7}}]},"10":{"loc":{"start":{"line":137,"column":6},"end":{"line":142,"column":7}},"type":"if","locations":[{"start":{"line":137,"column":6},"end":{"line":142,"column":7}}]},"11":{"loc":{"start":{"line":139,"column":8},"end":{"line":141,"column":9}},"type":"if","locations":[{"start":{"line":139,"column":8},"end":{"line":141,"column":9}}]},"12":{"loc":{"start":{"line":139,"column":12},"end":{"line":139,"column":65}},"type":"binary-expr","locations":[{"start":{"line":139,"column":12},"end":{"line":139,"column":29}},{"start":{"line":139,"column":33},"end":{"line":139,"column":65}}]},"13":{"loc":{"start":{"line":196,"column":8},"end":{"line":198,"column":9}},"type":"if","locations":[{"start":{"line":196,"column":8},"end":{"line":198,"column":9}}]},"14":{"loc":{"start":{"line":196,"column":12},"end":{"line":196,"column":65}},"type":"binary-expr","locations":[{"start":{"line":196,"column":12},"end":{"line":196,"column":29}},{"start":{"line":196,"column":33},"end":{"line":196,"column":65}}]},"15":{"loc":{"start":{"line":224,"column":6},"end":{"line":226,"column":7}},"type":"if","locations":[{"start":{"line":224,"column":6},"end":{"line":226,"column":7}}]},"16":{"loc":{"start":{"line":235,"column":4},"end":{"line":238,"column":5}},"type":"if","locations":[{"start":{"line":235,"column":4},"end":{"line":238,"column":5}}]},"17":{"loc":{"start":{"line":240,"column":4},"end":{"line":255,"column":5}},"type":"if","locations":[{"start":{"line":240,"column":4},"end":{"line":255,"column":5}}]},"18":{"loc":{"start":{"line":243,"column":6},"end":{"line":254,"column":7}},"type":"if","locations":[{"start":{"line":243,"column":6},"end":{"line":254,"column":7}}]},"19":{"loc":{"start":{"line":245,"column":10},"end":{"line":247,"column":11}},"type":"if","locations":[{"start":{"line":245,"column":10},"end":{"line":247,"column":11}}]},"20":{"loc":{"start":{"line":265,"column":4},"end":{"line":268,"column":5}},"type":"if","locations":[{"start":{"line":265,"column":4},"end":{"line":268,"column":5}}]},"21":{"loc":{"start":{"line":270,"column":4},"end":{"line":285,"column":5}},"type":"if","locations":[{"start":{"line":270,"column":4},"end":{"line":285,"column":5}}]},"22":{"loc":{"start":{"line":273,"column":6},"end":{"line":284,"column":7}},"type":"if","locations":[{"start":{"line":273,"column":6},"end":{"line":284,"column":7}}]},"23":{"loc":{"start":{"line":275,"column":10},"end":{"line":277,"column":11}},"type":"if","locations":[{"start":{"line":275,"column":10},"end":{"line":277,"column":11}}]},"24":{"loc":{"start":{"line":291,"column":4},"end":{"line":294,"column":5}},"type":"if","locations":[{"start":{"line":291,"column":4},"end":{"line":294,"column":5}}]},"25":{"loc":{"start":{"line":299,"column":4},"end":{"line":302,"column":5}},"type":"if","locations":[{"start":{"line":299,"column":4},"end":{"line":302,"column":5}}]},"26":{"loc":{"start":{"line":314,"column":4},"end":{"line":317,"column":5}},"type":"if","locations":[{"start":{"line":314,"column":4},"end":{"line":317,"column":5}}]},"27":{"loc":{"start":{"line":325,"column":4},"end":{"line":328,"column":5}},"type":"if","locations":[{"start":{"line":325,"column":4},"end":{"line":328,"column":5}}]}},"s":{"0":2,"1":1,"2":3,"3":3,"4":3,"5":3,"6":3,"7":3,"8":3,"9":3,"10":3,"11":3,"12":3,"13":0,"14":3,"15":1,"16":1,"17":1,"18":1,"19":1,"20":1,"21":1,"22":1,"23":1,"24":0,"25":1,"26":1,"27":0,"28":1,"29":2,"30":2,"31":2,"32":2,"33":2,"34":2,"35":2,"36":2,"37":3,"38":2,"39":2,"40":2,"41":0,"42":2,"43":2,"44":0,"45":0,"46":0,"47":0,"48":0,"49":0,"50":0,"51":0,"52":0,"53":0,"54":2,"55":2,"56":0,"57":0,"58":0,"59":0,"60":0,"61":0,"62":0,"63":0,"64":0,"65":0,"66":0,"67":0,"68":0,"69":0,"70":0,"71":0,"72":0,"73":0,"74":0,"75":0,"76":0,"77":0,"78":0,"79":0,"80":0,"81":0,"82":0,"83":0,"84":0,"85":0,"86":0,"87":0,"88":0,"89":0,"90":0,"91":0,"92":0,"93":0,"94":0,"95":0,"96":0,"97":0,"98":0,"99":0,"100":0,"101":0,"102":0,"103":0,"104":0,"105":0,"106":0,"107":0,"108":0,"109":0,"110":0,"111":0,"112":0,"113":0,"114":0,"115":0,"116":0,"117":0,"118":0,"119":0,"120":0,"121":0,"122":0,"123":0,"124":2},"f":{"0":1,"1":3,"2":3,"3":2,"4":3,"5":2,"6":0,"7":0,"8":0,"9":0,"10":0,"11":0,"12":0,"13":0,"14":0,"15":0,"16":0,"17":0,"18":0,"19":0,"20":0,"21":0,"22":0,"23":0},"b":{"0":[0],"1":[1],"2":[1,0],"3":[0,1],"4":[1,1],"5":[1],"6":[1,0],"7":[2],"8":[2],"9":[0,2],"10":[0],"11":[0],"12":[0,0],"13":[0],"14":[0,0],"15":[0],"16":[0],"17":[0],"18":[0],"19":[0],"20":[0],"21":[0],"22":[0],"23":[0],"24":[0],"25":[0],"26":[0],"27":[0]}}
,"/home/richard/rpi/actual-ai-fork/src/category-suggestion-optimizer.ts": {"path":"/home/richard/rpi/actual-ai-fork/src/category-suggestion-optimizer.ts","statementMap":{"0":{"start":{"line":12,"column":4},"end":{"line":12,"column":53}},"1":{"start":{"line":30,"column":4},"end":{"line":30,"column":54}},"2":{"start":{"line":33,"column":24},"end":{"line":33,"column":64}},"3":{"start":{"line":36,"column":17},"end":{"line":36,"column":58}},"4":{"start":{"line":37,"column":60},"end":{"line":37,"column":62}},"5":{"start":{"line":38,"column":4},"end":{"line":58,"column":5}},"6":{"start":{"line":38,"column":17},"end":{"line":38,"column":18}},"7":{"start":{"line":39,"column":6},"end":{"line":39,"column":28}},"8":{"start":{"line":39,"column":19},"end":{"line":39,"column":28}},"9":{"start":{"line":40,"column":22},"end":{"line":40,"column":38}},"10":{"start":{"line":41,"column":6},"end":{"line":41,"column":21}},"11":{"start":{"line":42,"column":6},"end":{"line":56,"column":7}},"12":{"start":{"line":42,"column":19},"end":{"line":42,"column":24}},"13":{"start":{"line":43,"column":8},"end":{"line":43,"column":30}},"14":{"start":{"line":43,"column":21},"end":{"line":43,"column":30}},"15":{"start":{"line":45,"column":26},"end":{"line":45,"column":90}},"16":{"start":{"line":46,"column":30},"end":{"line":46,"column":33}},"17":{"start":{"line":47,"column":33},"end":{"line":47,"column":83}},"18":{"start":{"line":48,"column":20},"end":{"line":50,"column":null}},"19":{"start":{"line":52,"column":8},"end":{"line":55,"column":9}},"20":{"start":{"line":53,"column":10},"end":{"line":53,"column":39}},"21":{"start":{"line":54,"column":10},"end":{"line":54,"column":25}},"22":{"start":{"line":57,"column":6},"end":{"line":57,"column":46}},"23":{"start":{"line":61,"column":32},"end":{"line":61,"column":null}},"24":{"start":{"line":69,"column":4},"end":{"line":98,"column":7}},"25":{"start":{"line":71,"column":33},"end":{"line":71,"column":71}},"26":{"start":{"line":71,"column":56},"end":{"line":71,"column":70}},"27":{"start":{"line":72,"column":28},"end":{"line":72,"column":54}},"28":{"start":{"line":72,"column":47},"end":{"line":72,"column":53}},"29":{"start":{"line":73,"column":23},"end":{"line":73,"column":65}},"30":{"start":{"line":75,"column":25},"end":{"line":75,"column":50}},"31":{"start":{"line":76,"column":6},"end":{"line":79,"column":9}},"32":{"start":{"line":77,"column":20},"end":{"line":77,"column":31}},"33":{"start":{"line":78,"column":8},"end":{"line":78,"column":60}},"34":{"start":{"line":80,"column":21},"end":{"line":80,"column":41}},"35":{"start":{"line":81,"column":21},"end":{"line":81,"column":22}},"36":{"start":{"line":82,"column":6},"end":{"line":87,"column":9}},"37":{"start":{"line":83,"column":8},"end":{"line":86,"column":9}},"38":{"start":{"line":84,"column":10},"end":{"line":84,"column":25}},"39":{"start":{"line":85,"column":10},"end":{"line":85,"column":25}},"40":{"start":{"line":89,"column":25},"end":{"line":89,"column":58}},"41":{"start":{"line":89,"column":45},"end":{"line":89,"column":57}},"42":{"start":{"line":90,"column":6},"end":{"line":97,"column":9}},"43":{"start":{"line":100,"column":4},"end":{"line":100,"column":98}},"44":{"start":{"line":101,"column":4},"end":{"line":105,"column":7}},"45":{"start":{"line":102,"column":6},"end":{"line":104,"column":7}},"46":{"start":{"line":103,"column":8},"end":{"line":103,"column":102}},"47":{"start":{"line":108,"column":4},"end":{"line":119,"column":6}},"48":{"start":{"line":109,"column":70},"end":{"line":118,"column":8}},"49":{"start":{"line":123,"column":4},"end":{"line":123,"column":44}},"50":{"start":{"line":123,"column":28},"end":{"line":123,"column":44}},"51":{"start":{"line":126,"column":26},"end":{"line":126,"column":51}},"52":{"start":{"line":127,"column":22},"end":{"line":133,"column":6}},"53":{"start":{"line":128,"column":20},"end":{"line":128,"column":51}},"54":{"start":{"line":129,"column":6},"end":{"line":131,"column":9}},"55":{"start":{"line":130,"column":8},"end":{"line":130,"column":68}},"56":{"start":{"line":132,"column":6},"end":{"line":132,"column":19}},"57":{"start":{"line":136,"column":19},"end":{"line":147,"column":6}},"58":{"start":{"line":137,"column":20},"end":{"line":137,"column":32}},"59":{"start":{"line":138,"column":24},"end":{"line":141,"column":22}},"60":{"start":{"line":139,"column":23},"end":{"line":139,"column":53}},"61":{"start":{"line":144,"column":26},"end":{"line":144,"column":62}},"62":{"start":{"line":146,"column":6},"end":{"line":146,"column":66}},"63":{"start":{"line":150,"column":4},"end":{"line":150,"column":45}},"64":{"start":{"line":150,"column":26},"end":{"line":150,"column":43}},"65":{"start":{"line":151,"column":4},"end":{"line":151,"column":26}},"66":{"start":{"line":155,"column":0},"end":{"line":155,"column":43}}},"fnMap":{"0":{"name":"(anonymous_0)","decl":{"start":{"line":9,"column":2},"end":{"line":9,"column":null}},"loc":{"start":{"line":10,"column":46},"end":{"line":13,"column":3}}},"1":{"name":"(anonymous_1)","decl":{"start":{"line":15,"column":9},"end":{"line":15,"column":36}},"loc":{"start":{"line":22,"column":10},"end":{"line":120,"column":3}}},"2":{"name":"(anonymous_2)","decl":{"start":{"line":69,"column":21},"end":{"line":69,"column":22}},"loc":{"start":{"line":69,"column":50},"end":{"line":98,"column":5}}},"3":{"name":"(anonymous_3)","decl":{"start":{"line":71,"column":49},"end":{"line":71,"column":50}},"loc":{"start":{"line":71,"column":56},"end":{"line":71,"column":70}}},"4":{"name":"(anonymous_4)","decl":{"start":{"line":72,"column":40},"end":{"line":72,"column":41}},"loc":{"start":{"line":72,"column":47},"end":{"line":72,"column":53}}},"5":{"name":"(anonymous_5)","decl":{"start":{"line":76,"column":22},"end":{"line":76,"column":23}},"loc":{"start":{"line":76,"column":28},"end":{"line":79,"column":7}}},"6":{"name":"(anonymous_6)","decl":{"start":{"line":82,"column":25},"end":{"line":82,"column":26}},"loc":{"start":{"line":82,"column":38},"end":{"line":87,"column":7}}},"7":{"name":"(anonymous_7)","decl":{"start":{"line":89,"column":38},"end":{"line":89,"column":39}},"loc":{"start":{"line":89,"column":45},"end":{"line":89,"column":57}}},"8":{"name":"(anonymous_8)","decl":{"start":{"line":101,"column":32},"end":{"line":101,"column":33}},"loc":{"start":{"line":101,"column":45},"end":{"line":105,"column":5}}},"9":{"name":"(anonymous_9)","decl":{"start":{"line":109,"column":52},"end":{"line":109,"column":53}},"loc":{"start":{"line":109,"column":70},"end":{"line":118,"column":8}}},"10":{"name":"(anonymous_10)","decl":{"start":{"line":122,"column":10},"end":{"line":122,"column":32}},"loc":{"start":{"line":122,"column":48},"end":{"line":152,"column":3}}},"11":{"name":"(anonymous_11)","decl":{"start":{"line":127,"column":32},"end":{"line":127,"column":33}},"loc":{"start":{"line":127,"column":41},"end":{"line":133,"column":5}}},"12":{"name":"(anonymous_12)","decl":{"start":{"line":129,"column":20},"end":{"line":129,"column":21}},"loc":{"start":{"line":129,"column":29},"end":{"line":131,"column":7}}},"13":{"name":"(anonymous_13)","decl":{"start":{"line":136,"column":29},"end":{"line":136,"column":30}},"loc":{"start":{"line":136,"column":41},"end":{"line":147,"column":5}}},"14":{"name":"(anonymous_14)","decl":{"start":{"line":139,"column":8},"end":{"line":139,"column":9}},"loc":{"start":{"line":139,"column":23},"end":{"line":139,"column":53}}},"15":{"name":"(anonymous_15)","decl":{"start":{"line":150,"column":16},"end":{"line":150,"column":17}},"loc":{"start":{"line":150,"column":26},"end":{"line":150,"column":43}}}},"branchMap":{"0":{"loc":{"start":{"line":39,"column":6},"end":{"line":39,"column":28}},"type":"if","locations":[{"start":{"line":39,"column":6},"end":{"line":39,"column":28}}]},"1":{"loc":{"start":{"line":43,"column":8},"end":{"line":43,"column":30}},"type":"if","locations":[{"start":{"line":43,"column":8},"end":{"line":43,"column":30}}]},"2":{"loc":{"start":{"line":52,"column":8},"end":{"line":55,"column":9}},"type":"if","locations":[{"start":{"line":52,"column":8},"end":{"line":55,"column":9}}]},"3":{"loc":{"start":{"line":78,"column":29},"end":{"line":78,"column":53}},"type":"binary-expr","locations":[{"start":{"line":78,"column":29},"end":{"line":78,"column":48}},{"start":{"line":78,"column":52},"end":{"line":78,"column":53}}]},"4":{"loc":{"start":{"line":83,"column":8},"end":{"line":86,"column":9}},"type":"if","locations":[{"start":{"line":83,"column":8},"end":{"line":86,"column":9}}]},"5":{"loc":{"start":{"line":102,"column":6},"end":{"line":104,"column":7}},"type":"if","locations":[{"start":{"line":102,"column":6},"end":{"line":104,"column":7}}]},"6":{"loc":{"start":{"line":123,"column":4},"end":{"line":123,"column":44}},"type":"if","locations":[{"start":{"line":123,"column":4},"end":{"line":123,"column":44}}]},"7":{"loc":{"start":{"line":130,"column":33},"end":{"line":130,"column":61}},"type":"binary-expr","locations":[{"start":{"line":130,"column":33},"end":{"line":130,"column":56}},{"start":{"line":130,"column":60},"end":{"line":130,"column":61}}]}},"s":{"0":24,"1":6,"2":6,"3":6,"4":6,"5":6,"6":6,"7":10,"8":3,"9":7,"10":7,"11":7,"12":7,"13":4,"14":0,"15":4,"16":4,"17":4,"18":4,"19":4,"20":3,"21":3,"22":7,"23":6,"24":6,"25":7,"26":10,"27":7,"28":10,"29":7,"30":7,"31":7,"32":10,"33":10,"34":7,"35":7,"36":7,"37":9,"38":8,"39":8,"40":7,"41":9,"42":7,"43":6,"44":6,"45":7,"46":2,"47":6,"48":7,"49":7,"50":5,"51":2,"52":2,"53":5,"54":5,"55":7,"56":5,"57":2,"58":5,"59":5,"60":7,"61":5,"62":5,"63":2,"64":3,"65":2,"66":3},"f":{"0":24,"1":6,"2":7,"3":10,"4":10,"5":10,"6":9,"7":9,"8":7,"9":7,"10":7,"11":5,"12":7,"13":5,"14":7,"15":3},"b":{"0":[3],"1":[0],"2":[3],"3":[10,9],"4":[8],"5":[2],"6":[5],"7":[7,5]}}
,"/home/richard/rpi/actual-ai-fork/src/config.ts": {"path":"/home/richard/rpi/actual-ai-fork/src/config.ts","statementMap":{"0":{"start":{"line":172,"column":0},"end":{"line":172,"column":16}},"1":{"start":{"line":176,"column":0},"end":{"line":176,"column":16}},"2":{"start":{"line":191,"column":0},"end":{"line":191,"column":16}},"3":{"start":{"line":201,"column":0},"end":{"line":201,"column":16}},"4":{"start":{"line":207,"column":0},"end":{"line":207,"column":16}},"5":{"start":{"line":1,"column":0},"end":{"line":1,"column":28}},"6":{"start":{"line":2,"column":0},"end":{"line":2,"column":20}},"7":{"start":{"line":3,"column":0},"end":{"line":3,"column":65}},"8":{"start":{"line":5,"column":30},"end":{"line":5,"column":90}},"9":{"start":{"line":7,"column":0},"end":{"line":7,"column":16}},"10":{"start":{"line":9,"column":13},"end":{"line":9,"column":61}},"11":{"start":{"line":10,"column":13},"end":{"line":10,"column":58}},"12":{"start":{"line":11,"column":13},"end":{"line":11,"column":59}},"13":{"start":{"line":12,"column":13},"end":{"line":12,"column":65}},"14":{"start":{"line":13,"column":13},"end":{"line":13,"column":75}},"15":{"start":{"line":14,"column":13},"end":{"line":14,"column":69}},"16":{"start":{"line":15,"column":13},"end":{"line":15,"column":100}},"17":{"start":{"line":16,"column":13},"end":{"line":16,"column":88}},"18":{"start":{"line":17,"column":13},"end":{"line":17,"column":61}},"19":{"start":{"line":18,"column":13},"end":{"line":18,"column":70}},"20":{"start":{"line":19,"column":13},"end":{"line":19,"column":99}},"21":{"start":{"line":20,"column":13},"end":{"line":20,"column":88}},"22":{"start":{"line":21,"column":13},"end":{"line":21,"column":106}},"23":{"start":{"line":22,"column":13},"end":{"line":22,"column":75}},"24":{"start":{"line":23,"column":27},"end":{"line":23,"column":80}},"25":{"start":{"line":24,"column":13},"end":{"line":26,"column":12}},"26":{"start":{"line":27,"column":13},"end":{"line":27,"column":97}},"27":{"start":{"line":28,"column":13},"end":{"line":28,"column":67}},"28":{"start":{"line":29,"column":13},"end":{"line":29,"column":97}},"29":{"start":{"line":30,"column":13},"end":{"line":30,"column":88}},"30":{"start":{"line":31,"column":13},"end":{"line":31,"column":127}},"31":{"start":{"line":32,"column":13},"end":{"line":32,"column":167}},"32":{"start":{"line":33,"column":13},"end":{"line":33,"column":75}},"33":{"start":{"line":34,"column":13},"end":{"line":34,"column":89}},"34":{"start":{"line":35,"column":13},"end":{"line":35,"column":66}},"35":{"start":{"line":36,"column":13},"end":{"line":36,"column":41}},"36":{"start":{"line":37,"column":13},"end":{"line":37,"column":83}},"37":{"start":{"line":38,"column":13},"end":{"line":38,"column":78}},"38":{"start":{"line":39,"column":13},"end":{"line":39,"column":66}},"39":{"start":{"line":40,"column":13},"end":{"line":40,"column":57}},"40":{"start":{"line":41,"column":13},"end":{"line":41,"column":77}},"41":{"start":{"line":42,"column":13},"end":{"line":42,"column":89}},"42":{"start":{"line":43,"column":13},"end":{"line":43,"column":67}},"43":{"start":{"line":47,"column":13},"end":{"line":50,"column":2}},"44":{"start":{"line":51,"column":13},"end":{"line":54,"column":2}},"45":{"start":{"line":64,"column":13},"end":{"line":64,"column":41}},"46":{"start":{"line":66,"column":32},"end":{"line":66,"column":34}},"47":{"start":{"line":67,"column":0},"end":{"line":90,"column":1}},"48":{"start":{"line":68,"column":2},"end":{"line":87,"column":3}},"49":{"start":{"line":69,"column":27},"end":{"line":69,"column":70}},"50":{"start":{"line":70,"column":4},"end":{"line":74,"column":5}},"51":{"start":{"line":71,"column":6},"end":{"line":71,"column":51}},"52":{"start":{"line":73,"column":6},"end":{"line":73,"column":88}},"53":{"start":{"line":75,"column":9},"end":{"line":87,"column":3}},"54":{"start":{"line":76,"column":16},"end":{"line":76,"column":51}},"55":{"start":{"line":77,"column":4},"end":{"line":86,"column":5}},"56":{"start":{"line":78,"column":29},"end":{"line":78,"column":55}},"57":{"start":{"line":79,"column":6},"end":{"line":83,"column":7}},"58":{"start":{"line":80,"column":8},"end":{"line":80,"column":53}},"59":{"start":{"line":82,"column":8},"end":{"line":82,"column":86}},"60":{"start":{"line":85,"column":6},"end":{"line":85,"column":76}},"61":{"start":{"line":85,"column":50},"end":{"line":85,"column":58}},"62":{"start":{"line":89,"column":2},"end":{"line":89,"column":94}},"63":{"start":{"line":93,"column":2},"end":{"line":97,"column":4}},"64":{"start":{"line":99,"column":2},"end":{"line":103,"column":4}},"65":{"start":{"line":105,"column":2},"end":{"line":109,"column":4}},"66":{"start":{"line":111,"column":2},"end":{"line":115,"column":4}},"67":{"start":{"line":117,"column":2},"end":{"line":121,"column":4}},"68":{"start":{"line":123,"column":2},"end":{"line":127,"column":4}},"69":{"start":{"line":129,"column":2},"end":{"line":133,"column":4}},"70":{"start":{"line":135,"column":2},"end":{"line":139,"column":4}},"71":{"start":{"line":143,"column":22},"end":{"line":145,"column":20}},"72":{"start":{"line":144,"column":19},"end":{"line":144,"column":30}},"73":{"start":{"line":147,"column":2},"end":{"line":152,"column":4}},"74":{"start":{"line":154,"column":2},"end":{"line":159,"column":4}},"75":{"start":{"line":169,"column":0},"end":{"line":169,"column":27}},"76":{"start":{"line":170,"column":0},"end":{"line":170,"column":23}},"77":{"start":{"line":173,"column":2},"end":{"line":173,"column":88}},"78":{"start":{"line":183,"column":2},"end":{"line":188,"column":4}},"79":{"start":{"line":192,"column":2},"end":{"line":195,"column":3}},"80":{"start":{"line":193,"column":4},"end":{"line":193,"column":65}},"81":{"start":{"line":194,"column":4},"end":{"line":194,"column":17}},"82":{"start":{"line":196,"column":19},"end":{"line":196,"column":60}},"83":{"start":{"line":197,"column":2},"end":{"line":197,"column":43}},"84":{"start":{"line":198,"column":2},"end":{"line":198,"column":18}},"85":{"start":{"line":202,"column":2},"end":{"line":204,"column":52}},"86":{"start":{"line":203,"column":29},"end":{"line":203,"column":82}},"87":{"start":{"line":204,"column":30},"end":{"line":204,"column":50}},"88":{"start":{"line":208,"column":2},"end":{"line":208,"column":46}}},"fnMap":{"0":{"name":"(anonymous_1)","decl":{"start":{"line":85,"column":43},"end":{"line":85,"column":44}},"loc":{"start":{"line":85,"column":50},"end":{"line":85,"column":58}}},"1":{"name":"registerStandardFeatures","decl":{"start":{"line":92,"column":9},"end":{"line":92,"column":33}},"loc":{"start":{"line":92,"column":33},"end":{"line":140,"column":1}}},"2":{"name":"registerToolFeatures","decl":{"start":{"line":142,"column":9},"end":{"line":142,"column":29}},"loc":{"start":{"line":142,"column":29},"end":{"line":167,"column":1}}},"3":{"name":"(anonymous_4)","decl":{"start":{"line":144,"column":9},"end":{"line":144,"column":10}},"loc":{"start":{"line":144,"column":19},"end":{"line":144,"column":30}}},"4":{"name":"isFeatureEnabled","decl":{"start":{"line":172,"column":16},"end":{"line":172,"column":32}},"loc":{"start":{"line":172,"column":52},"end":{"line":174,"column":1}}},"5":{"name":"registerCustomFeatureFlag","decl":{"start":{"line":176,"column":16},"end":{"line":176,"column":41}},"loc":{"start":{"line":181,"column":20},"end":{"line":189,"column":1}}},"6":{"name":"toggleFeature","decl":{"start":{"line":191,"column":16},"end":{"line":191,"column":29}},"loc":{"start":{"line":191,"column":68},"end":{"line":199,"column":1}}},"7":{"name":"getEnabledTools","decl":{"start":{"line":201,"column":16},"end":{"line":201,"column":31}},"loc":{"start":{"line":201,"column":31},"end":{"line":205,"column":1}}},"8":{"name":"(anonymous_9)","decl":{"start":{"line":203,"column":12},"end":{"line":203,"column":13}},"loc":{"start":{"line":203,"column":29},"end":{"line":203,"column":82}}},"9":{"name":"(anonymous_10)","decl":{"start":{"line":204,"column":13},"end":{"line":204,"column":14}},"loc":{"start":{"line":204,"column":30},"end":{"line":204,"column":50}}},"10":{"name":"isToolEnabled","decl":{"start":{"line":207,"column":16},"end":{"line":207,"column":29}},"loc":{"start":{"line":207,"column":46},"end":{"line":209,"column":1}}}},"branchMap":{"0":{"loc":{"start":{"line":9,"column":25},"end":{"line":9,"column":60}},"type":"binary-expr","locations":[{"start":{"line":9,"column":25},"end":{"line":9,"column":54}},{"start":{"line":9,"column":58},"end":{"line":9,"column":60}}]},"1":{"loc":{"start":{"line":10,"column":24},"end":{"line":10,"column":57}},"type":"binary-expr","locations":[{"start":{"line":10,"column":24},"end":{"line":10,"column":51}},{"start":{"line":10,"column":55},"end":{"line":10,"column":57}}]},"2":{"loc":{"start":{"line":11,"column":24},"end":{"line":11,"column":58}},"type":"binary-expr","locations":[{"start":{"line":11,"column":24},"end":{"line":11,"column":52}},{"start":{"line":11,"column":56},"end":{"line":11,"column":58}}]},"3":{"loc":{"start":{"line":12,"column":27},"end":{"line":12,"column":64}},"type":"binary-expr","locations":[{"start":{"line":12,"column":27},"end":{"line":12,"column":58}},{"start":{"line":12,"column":62},"end":{"line":12,"column":64}}]},"4":{"loc":{"start":{"line":13,"column":28},"end":{"line":13,"column":74}},"type":"binary-expr","locations":[{"start":{"line":13,"column":28},"end":{"line":13,"column":68}},{"start":{"line":13,"column":72},"end":{"line":13,"column":74}}]},"5":{"loc":{"start":{"line":14,"column":32},"end":{"line":14,"column":68}},"type":"binary-expr","locations":[{"start":{"line":14,"column":32},"end":{"line":14,"column":62}},{"start":{"line":14,"column":66},"end":{"line":14,"column":68}}]},"6":{"loc":{"start":{"line":15,"column":27},"end":{"line":15,"column":99}},"type":"binary-expr","locations":[{"start":{"line":15,"column":27},"end":{"line":15,"column":51}},{"start":{"line":15,"column":56},"end":{"line":15,"column":98}}]},"7":{"loc":{"start":{"line":15,"column":56},"end":{"line":15,"column":98}},"type":"cond-expr","locations":[{"start":{"line":15,"column":75},"end":{"line":15,"column":87}},{"start":{"line":15,"column":90},"end":{"line":15,"column":98}}]},"8":{"loc":{"start":{"line":16,"column":29},"end":{"line":16,"column":87}},"type":"binary-expr","locations":[{"start":{"line":16,"column":29},"end":{"line":16,"column":56}},{"start":{"line":16,"column":60},"end":{"line":16,"column":87}}]},"9":{"loc":{"start":{"line":17,"column":28},"end":{"line":17,"column":60}},"type":"binary-expr","locations":[{"start":{"line":17,"column":28},"end":{"line":17,"column":54}},{"start":{"line":17,"column":58},"end":{"line":17,"column":60}}]},"10":{"loc":{"start":{"line":18,"column":27},"end":{"line":18,"column":69}},"type":"binary-expr","locations":[{"start":{"line":18,"column":27},"end":{"line":18,"column":51}},{"start":{"line":18,"column":55},"end":{"line":18,"column":69}}]},"11":{"loc":{"start":{"line":19,"column":33},"end":{"line":19,"column":98}},"type":"binary-expr","locations":[{"start":{"line":19,"column":33},"end":{"line":19,"column":64}},{"start":{"line":19,"column":68},"end":{"line":19,"column":98}}]},"12":{"loc":{"start":{"line":20,"column":31},"end":{"line":20,"column":87}},"type":"binary-expr","locations":[{"start":{"line":20,"column":31},"end":{"line":20,"column":59}},{"start":{"line":20,"column":63},"end":{"line":20,"column":87}}]},"13":{"loc":{"start":{"line":21,"column":34},"end":{"line":21,"column":105}},"type":"binary-expr","locations":[{"start":{"line":21,"column":34},"end":{"line":21,"column":65}},{"start":{"line":21,"column":69},"end":{"line":21,"column":99}},{"start":{"line":21,"column":103},"end":{"line":21,"column":105}}]},"14":{"loc":{"start":{"line":22,"column":31},"end":{"line":22,"column":74}},"type":"binary-expr","locations":[{"start":{"line":22,"column":31},"end":{"line":22,"column":59}},{"start":{"line":22,"column":63},"end":{"line":22,"column":74}}]},"15":{"loc":{"start":{"line":23,"column":43},"end":{"line":23,"column":75}},"type":"binary-expr","locations":[{"start":{"line":23,"column":43},"end":{"line":23,"column":69}},{"start":{"line":23,"column":73},"end":{"line":23,"column":75}}]},"16":{"loc":{"start":{"line":24,"column":28},"end":{"line":26,"column":11}},"type":"cond-expr","locations":[{"start":{"line":25,"column":4},"end":{"line":25,"column":22}},{"start":{"line":26,"column":4},"end":{"line":26,"column":11}}]},"17":{"loc":{"start":{"line":24,"column":28},"end":{"line":24,"column":89}},"type":"binary-expr","locations":[{"start":{"line":24,"column":28},"end":{"line":24,"column":63}},{"start":{"line":24,"column":67},"end":{"line":24,"column":89}}]},"18":{"loc":{"start":{"line":28,"column":31},"end":{"line":28,"column":66}},"type":"binary-expr","locations":[{"start":{"line":28,"column":31},"end":{"line":28,"column":60}},{"start":{"line":28,"column":64},"end":{"line":28,"column":66}}]},"19":{"loc":{"start":{"line":29,"column":32},"end":{"line":29,"column":96}},"type":"binary-expr","locations":[{"start":{"line":29,"column":32},"end":{"line":29,"column":62}},{"start":{"line":29,"column":66},"end":{"line":29,"column":96}}]},"20":{"loc":{"start":{"line":30,"column":30},"end":{"line":30,"column":87}},"type":"binary-expr","locations":[{"start":{"line":30,"column":30},"end":{"line":30,"column":57}},{"start":{"line":30,"column":61},"end":{"line":30,"column":87}}]},"21":{"loc":{"start":{"line":31,"column":27},"end":{"line":31,"column":126}},"type":"binary-expr","locations":[{"start":{"line":31,"column":27},"end":{"line":31,"column":65}},{"start":{"line":31,"column":69},"end":{"line":31,"column":104}},{"start":{"line":31,"column":108},"end":{"line":31,"column":126}}]},"22":{"loc":{"start":{"line":32,"column":29},"end":{"line":32,"column":166}},"type":"binary-expr","locations":[{"start":{"line":32,"column":29},"end":{"line":32,"column":70}},{"start":{"line":32,"column":74},"end":{"line":32,"column":112}},{"start":{"line":32,"column":116},"end":{"line":32,"column":166}}]},"23":{"loc":{"start":{"line":33,"column":28},"end":{"line":33,"column":74}},"type":"binary-expr","locations":[{"start":{"line":33,"column":28},"end":{"line":33,"column":68}},{"start":{"line":33,"column":72},"end":{"line":33,"column":74}}]},"24":{"loc":{"start":{"line":34,"column":29},"end":{"line":34,"column":88}},"type":"binary-expr","locations":[{"start":{"line":34,"column":29},"end":{"line":34,"column":56}},{"start":{"line":34,"column":60},"end":{"line":34,"column":88}}]},"25":{"loc":{"start":{"line":35,"column":27},"end":{"line":35,"column":65}},"type":"binary-expr","locations":[{"start":{"line":35,"column":27},"end":{"line":35,"column":51}},{"start":{"line":35,"column":55},"end":{"line":35,"column":65}}]},"26":{"loc":{"start":{"line":37,"column":30},"end":{"line":37,"column":82}},"type":"binary-expr","locations":[{"start":{"line":37,"column":30},"end":{"line":37,"column":57}},{"start":{"line":37,"column":61},"end":{"line":37,"column":82}}]},"27":{"loc":{"start":{"line":38,"column":29},"end":{"line":38,"column":77}},"type":"binary-expr","locations":[{"start":{"line":38,"column":29},"end":{"line":38,"column":56}},{"start":{"line":38,"column":60},"end":{"line":38,"column":77}}]},"28":{"loc":{"start":{"line":39,"column":26},"end":{"line":39,"column":65}},"type":"binary-expr","locations":[{"start":{"line":39,"column":26},"end":{"line":39,"column":49}},{"start":{"line":39,"column":53},"end":{"line":39,"column":65}}]},"29":{"loc":{"start":{"line":40,"column":26},"end":{"line":40,"column":56}},"type":"binary-expr","locations":[{"start":{"line":40,"column":26},"end":{"line":40,"column":50}},{"start":{"line":40,"column":54},"end":{"line":40,"column":56}}]},"30":{"loc":{"start":{"line":41,"column":25},"end":{"line":41,"column":76}},"type":"binary-expr","locations":[{"start":{"line":41,"column":25},"end":{"line":41,"column":47}},{"start":{"line":41,"column":51},"end":{"line":41,"column":76}}]},"31":{"loc":{"start":{"line":42,"column":27},"end":{"line":42,"column":88}},"type":"binary-expr","locations":[{"start":{"line":42,"column":27},"end":{"line":42,"column":52}},{"start":{"line":42,"column":56},"end":{"line":42,"column":88}}]},"32":{"loc":{"start":{"line":43,"column":31},"end":{"line":43,"column":66}},"type":"binary-expr","locations":[{"start":{"line":43,"column":31},"end":{"line":43,"column":60}},{"start":{"line":43,"column":64},"end":{"line":43,"column":66}}]},"33":{"loc":{"start":{"line":68,"column":2},"end":{"line":87,"column":3}},"type":"if","locations":[{"start":{"line":68,"column":2},"end":{"line":87,"column":3}},{"start":{"line":75,"column":9},"end":{"line":87,"column":3}}]},"34":{"loc":{"start":{"line":70,"column":4},"end":{"line":74,"column":5}},"type":"if","locations":[{"start":{"line":70,"column":4},"end":{"line":74,"column":5}},{"start":{"line":72,"column":11},"end":{"line":74,"column":5}}]},"35":{"loc":{"start":{"line":75,"column":9},"end":{"line":87,"column":3}},"type":"if","locations":[{"start":{"line":75,"column":9},"end":{"line":87,"column":3}}]},"36":{"loc":{"start":{"line":77,"column":4},"end":{"line":86,"column":5}},"type":"if","locations":[{"start":{"line":77,"column":4},"end":{"line":86,"column":5}},{"start":{"line":84,"column":11},"end":{"line":86,"column":5}}]},"37":{"loc":{"start":{"line":79,"column":6},"end":{"line":83,"column":7}},"type":"if","locations":[{"start":{"line":79,"column":6},"end":{"line":83,"column":7}},{"start":{"line":81,"column":13},"end":{"line":83,"column":7}}]},"38":{"loc":{"start":{"line":112,"column":13},"end":{"line":112,"column":104}},"type":"binary-expr","locations":[{"start":{"line":112,"column":13},"end":{"line":112,"column":58}},{"start":{"line":112,"column":62},"end":{"line":112,"column":104}}]},"39":{"loc":{"start":{"line":118,"column":13},"end":{"line":118,"column":123}},"type":"binary-expr","locations":[{"start":{"line":118,"column":13},"end":{"line":118,"column":67}},{"start":{"line":118,"column":71},"end":{"line":118,"column":123}}]},"40":{"loc":{"start":{"line":143,"column":23},"end":{"line":143,"column":54}},"type":"binary-expr","locations":[{"start":{"line":143,"column":23},"end":{"line":143,"column":48}},{"start":{"line":143,"column":52},"end":{"line":143,"column":54}}]},"41":{"loc":{"start":{"line":148,"column":13},"end":{"line":148,"column":87}},"type":"binary-expr","locations":[{"start":{"line":148,"column":13},"end":{"line":148,"column":50}},{"start":{"line":148,"column":54},"end":{"line":148,"column":87}}]},"42":{"loc":{"start":{"line":155,"column":13},"end":{"line":155,"column":95}},"type":"binary-expr","locations":[{"start":{"line":155,"column":13},"end":{"line":155,"column":54}},{"start":{"line":155,"column":58},"end":{"line":155,"column":95}}]},"43":{"loc":{"start":{"line":173,"column":9},"end":{"line":173,"column":87}},"type":"binary-expr","locations":[{"start":{"line":173,"column":9},"end":{"line":173,"column":39}},{"start":{"line":173,"column":43},"end":{"line":173,"column":78}},{"start":{"line":173,"column":82},"end":{"line":173,"column":87}}]},"44":{"loc":{"start":{"line":192,"column":2},"end":{"line":195,"column":3}},"type":"if","locations":[{"start":{"line":192,"column":2},"end":{"line":195,"column":3}}]},"45":{"loc":{"start":{"line":196,"column":19},"end":{"line":196,"column":60}},"type":"binary-expr","locations":[{"start":{"line":196,"column":19},"end":{"line":196,"column":26}},{"start":{"line":196,"column":30},"end":{"line":196,"column":60}}]},"46":{"loc":{"start":{"line":203,"column":29},"end":{"line":203,"column":82}},"type":"binary-expr","locations":[{"start":{"line":203,"column":29},"end":{"line":203,"column":43}},{"start":{"line":203,"column":47},"end":{"line":203,"column":82}}]},"47":{"loc":{"start":{"line":204,"column":30},"end":{"line":204,"column":50}},"type":"binary-expr","locations":[{"start":{"line":204,"column":30},"end":{"line":204,"column":44}},{"start":{"line":204,"column":48},"end":{"line":204,"column":50}}]}},"s":{"0":12,"1":12,"2":12,"3":12,"4":12,"5":12,"6":12,"7":12,"8":12,"9":12,"10":12,"11":12,"12":12,"13":12,"14":12,"15":12,"16":12,"17":12,"18":12,"19":12,"20":12,"21":12,"22":12,"23":12,"24":12,"25":12,"26":12,"27":12,"28":12,"29":12,"30":12,"31":12,"32":12,"33":12,"34":12,"35":12,"36":12,"37":12,"38":12,"39":12,"40":12,"41":12,"42":12,"43":12,"44":12,"45":12,"46":12,"47":12,"48":12,"49":5,"50":5,"51":5,"52":0,"53":7,"54":2,"55":2,"56":1,"57":1,"58":1,"59":0,"60":1,"61":2,"62":0,"63":12,"64":12,"65":12,"66":12,"67":12,"68":12,"69":12,"70":12,"71":12,"72":12,"73":12,"74":12,"75":12,"76":12,"77":182,"78":0,"79":9,"80":0,"81":0,"82":9,"83":9,"84":9,"85":13,"86":130,"87":13,"88":0},"f":{"0":2,"1":12,"2":12,"3":12,"4":182,"5":0,"6":9,"7":13,"8":130,"9":13,"10":0},"b":{"0":[12,12],"1":[12,12],"2":[12,12],"3":[12,12],"4":[12,12],"5":[12,12],"6":[12,12],"7":[0,12],"8":[12,12],"9":[12,12],"10":[12,12],"11":[12,12],"12":[12,12],"13":[12,12,12],"14":[12,12],"15":[12,11],"16":[1,11],"17":[12,1],"18":[12,12],"19":[12,12],"20":[12,12],"21":[12,12,12],"22":[12,12,12],"23":[12,12],"24":[12,12],"25":[12,12],"26":[12,12],"27":[12,12],"28":[12,12],"29":[12,12],"30":[12,12],"31":[12,12],"32":[12,11],"33":[5,7],"34":[5,0],"35":[2],"36":[1,1],"37":[1,0],"38":[12,12],"39":[12,12],"40":[12,12],"41":[12,12],"42":[12,6],"43":[182,36,36],"44":[0],"45":[9,0],"46":[130,26],"47":[13,0]}}
,"/home/richard/rpi/actual-ai-fork/src/container.ts": {"path":"/home/richard/rpi/actual-ai-fork/src/container.ts","statementMap":{"0":{"start":{"line":61,"column":0},"end":{"line":61,"column":16}},"1":{"start":{"line":1,"column":0},"end":{"line":1,"column":51}},"2":{"start":{"line":2,"column":0},"end":{"line":2,"column":20}},"3":{"start":{"line":3,"column":0},"end":{"line":3,"column":52}},"4":{"start":{"line":4,"column":0},"end":{"line":4,"column":55}},"5":{"start":{"line":5,"column":0},"end":{"line":5,"column":50}},"6":{"start":{"line":6,"column":0},"end":{"line":6,"column":null}},"7":{"start":{"line":43,"column":0},"end":{"line":43,"column":42}},"8":{"start":{"line":44,"column":0},"end":{"line":44,"column":49}},"9":{"start":{"line":45,"column":0},"end":{"line":45,"column":39}},"10":{"start":{"line":46,"column":0},"end":{"line":46,"column":47}},"11":{"start":{"line":47,"column":0},"end":{"line":47,"column":59}},"12":{"start":{"line":48,"column":0},"end":{"line":48,"column":74}},"13":{"start":{"line":49,"column":0},"end":{"line":49,"column":57}},"14":{"start":{"line":50,"column":0},"end":{"line":50,"column":51}},"15":{"start":{"line":51,"column":0},"end":{"line":51,"column":86}},"16":{"start":{"line":52,"column":0},"end":{"line":52,"column":100}},"17":{"start":{"line":53,"column":0},"end":{"line":53,"column":90}},"18":{"start":{"line":54,"column":0},"end":{"line":54,"column":65}},"19":{"start":{"line":55,"column":0},"end":{"line":55,"column":82}},"20":{"start":{"line":56,"column":0},"end":{"line":56,"column":71}},"21":{"start":{"line":57,"column":0},"end":{"line":57,"column":69}},"22":{"start":{"line":58,"column":0},"end":{"line":58,"column":47}},"23":{"start":{"line":63,"column":2},"end":{"line":63,"column":85}},"24":{"start":{"line":66,"column":20},"end":{"line":66,"column":39}},"25":{"start":{"line":68,"column":17},"end":{"line":68,"column":43}},"26":{"start":{"line":70,"column":24},"end":{"line":90,"column":null}},"27":{"start":{"line":93,"column":25},"end":{"line":101,"column":null}},"28":{"start":{"line":104,"column":24},"end":{"line":105,"column":null}},"29":{"start":{"line":108,"column":19},"end":{"line":118,"column":null}},"30":{"start":{"line":121,"column":19},"end":{"line":121,"column":60}},"31":{"start":{"line":123,"column":26},"end":{"line":123,"column":77}},"32":{"start":{"line":124,"column":33},"end":{"line":126,"column":null}},"33":{"start":{"line":129,"column":26},"end":{"line":132,"column":null}},"34":{"start":{"line":135,"column":28},"end":{"line":135,"column":53}},"35":{"start":{"line":137,"column":29},"end":{"line":142,"column":null}},"36":{"start":{"line":145,"column":34},"end":{"line":147,"column":null}},"37":{"start":{"line":150,"column":28},"end":{"line":150,"column":63}},"38":{"start":{"line":152,"column":27},"end":{"line":157,"column":null}},"39":{"start":{"line":160,"column":22},"end":{"line":162,"column":null}},"40":{"start":{"line":165,"column":17},"end":{"line":168,"column":null}},"41":{"start":{"line":171,"column":0},"end":{"line":171,"column":24}}},"fnMap":{"0":{"name":"createToolService","decl":{"start":{"line":61,"column":16},"end":{"line":61,"column":33}},"loc":{"start":{"line":61,"column":33},"end":{"line":64,"column":1}}}},"branchMap":{"0":{"loc":{"start":{"line":63,"column":9},"end":{"line":63,"column":84}},"type":"cond-expr","locations":[{"start":{"line":63,"column":40},"end":{"line":63,"column":72}},{"start":{"line":63,"column":75},"end":{"line":63,"column":84}}]},"1":{"loc":{"start":{"line":147,"column":2},"end":{"line":147,"column":38}},"type":"binary-expr","locations":[{"start":{"line":147,"column":2},"end":{"line":147,"column":32}},{"start":{"line":147,"column":36},"end":{"line":147,"column":38}}]}},"s":{"0":1,"1":1,"2":1,"3":1,"4":1,"5":1,"6":1,"7":1,"8":1,"9":1,"10":1,"11":1,"12":1,"13":1,"14":1,"15":1,"16":1,"17":1,"18":1,"19":1,"20":1,"21":1,"22":1,"23":2,"24":1,"25":1,"26":1,"27":1,"28":1,"29":1,"30":1,"31":1,"32":1,"33":1,"34":1,"35":1,"36":1,"37":1,"38":1,"39":1,"40":1,"41":1},"f":{"0":2},"b":{"0":[2,0],"1":[1,1]}}
,"/home/richard/rpi/actual-ai-fork/src/handlebars-helpers.ts": {"path":"/home/richard/rpi/actual-ai-fork/src/handlebars-helpers.ts","statementMap":{"0":{"start":{"line":1,"column":0},"end":{"line":1,"column":41}},"1":{"start":{"line":4,"column":0},"end":{"line":4,"column":63}},"2":{"start":{"line":4,"column":48},"end":{"line":4,"column":61}},"3":{"start":{"line":7,"column":0},"end":{"line":7,"column":68}},"4":{"start":{"line":7,"column":57},"end":{"line":7,"column":66}},"5":{"start":{"line":9,"column":0},"end":{"line":9,"column":26}}},"fnMap":{"0":{"name":"(anonymous_9)","decl":{"start":{"line":4,"column":32},"end":{"line":4,"column":33}},"loc":{"start":{"line":4,"column":48},"end":{"line":4,"column":61}}},"1":{"name":"(anonymous_10)","decl":{"start":{"line":7,"column":38},"end":{"line":7,"column":39}},"loc":{"start":{"line":7,"column":57},"end":{"line":7,"column":66}}}},"branchMap":{},"s":{"0":2,"1":2,"2":0,"3":2,"4":2,"5":2},"f":{"0":0,"1":2},"b":{}}
,"/home/richard/rpi/actual-ai-fork/src/llm-model-factory.ts": {"path":"/home/richard/rpi/actual-ai-fork/src/llm-model-factory.ts","statementMap":{"0":{"start":{"line":2,"column":0},"end":{"line":2,"column":46}},"1":{"start":{"line":3,"column":0},"end":{"line":3,"column":52}},"2":{"start":{"line":4,"column":0},"end":{"line":4,"column":58}},"3":{"start":{"line":5,"column":0},"end":{"line":5,"column":50}},"4":{"start":{"line":6,"column":0},"end":{"line":6,"column":42}},"5":{"start":{"line":72,"column":4},"end":{"line":72,"column":35}},"6":{"start":{"line":73,"column":4},"end":{"line":73,"column":37}},"7":{"start":{"line":74,"column":4},"end":{"line":74,"column":35}},"8":{"start":{"line":75,"column":4},"end":{"line":75,"column":39}},"9":{"start":{"line":76,"column":4},"end":{"line":76,"column":45}},"10":{"start":{"line":77,"column":4},"end":{"line":77,"column":43}},"11":{"start":{"line":78,"column":4},"end":{"line":78,"column":47}},"12":{"start":{"line":79,"column":4},"end":{"line":79,"column":49}},"13":{"start":{"line":80,"column":4},"end":{"line":80,"column":43}},"14":{"start":{"line":81,"column":4},"end":{"line":81,"column":45}},"15":{"start":{"line":82,"column":4},"end":{"line":82,"column":43}},"16":{"start":{"line":83,"column":4},"end":{"line":83,"column":41}},"17":{"start":{"line":84,"column":4},"end":{"line":84,"column":35}},"18":{"start":{"line":85,"column":4},"end":{"line":85,"column":39}},"19":{"start":{"line":86,"column":4},"end":{"line":86,"column":37}},"20":{"start":{"line":87,"column":4},"end":{"line":87,"column":35}},"21":{"start":{"line":88,"column":4},"end":{"line":88,"column":39}},"22":{"start":{"line":89,"column":4},"end":{"line":89,"column":33}},"23":{"start":{"line":90,"column":4},"end":{"line":90,"column":31}},"24":{"start":{"line":91,"column":4},"end":{"line":91,"column":35}},"25":{"start":{"line":95,"column":4},"end":{"line":95,"column":70}},"26":{"start":{"line":96,"column":4},"end":{"line":146,"column":5}},"27":{"start":{"line":98,"column":23},"end":{"line":101,"column":10}},"28":{"start":{"line":102,"column":8},"end":{"line":102,"column":40}},"29":{"start":{"line":105,"column":48},"end":{"line":105,"column":50}},"30":{"start":{"line":106,"column":8},"end":{"line":106,"column":87}},"31":{"start":{"line":106,"column":37},"end":{"line":106,"column":87}},"32":{"start":{"line":107,"column":8},"end":{"line":107,"column":76}},"33":{"start":{"line":107,"column":34},"end":{"line":107,"column":76}},"34":{"start":{"line":109,"column":27},"end":{"line":114,"column":10}},"35":{"start":{"line":115,"column":8},"end":{"line":115,"column":48}},"36":{"start":{"line":118,"column":26},"end":{"line":121,"column":10}},"37":{"start":{"line":122,"column":8},"end":{"line":122,"column":46}},"38":{"start":{"line":125,"column":23},"end":{"line":128,"column":10}},"39":{"start":{"line":129,"column":8},"end":{"line":129,"column":40}},"40":{"start":{"line":132,"column":23},"end":{"line":134,"column":10}},"41":{"start":{"line":135,"column":8},"end":{"line":135,"column":40}},"42":{"start":{"line":138,"column":21},"end":{"line":141,"column":10}},"43":{"start":{"line":142,"column":8},"end":{"line":142,"column":64}},"44":{"start":{"line":145,"column":8},"end":{"line":145,"column":65}},"45":{"start":{"line":150,"column":4},"end":{"line":150,"column":41}},"46":{"start":{"line":154,"column":4},"end":{"line":154,"column":28}},"47":{"start":{"line":158,"column":4},"end":{"line":158,"column":28}},"48":{"start":{"line":162,"column":0},"end":{"line":162,"column":31}}},"fnMap":{"0":{"name":"(anonymous_0)","decl":{"start":{"line":50,"column":2},"end":{"line":50,"column":null}},"loc":{"start":{"line":70,"column":23},"end":{"line":92,"column":3}}},"1":{"name":"(anonymous_1)","decl":{"start":{"line":94,"column":9},"end":{"line":94,"column":15}},"loc":{"start":{"line":94,"column":15},"end":{"line":147,"column":3}}},"2":{"name":"(anonymous_2)","decl":{"start":{"line":149,"column":9},"end":{"line":149,"column":23}},"loc":{"start":{"line":149,"column":23},"end":{"line":151,"column":3}}},"3":{"name":"(anonymous_3)","decl":{"start":{"line":153,"column":9},"end":{"line":153,"column":20}},"loc":{"start":{"line":153,"column":20},"end":{"line":155,"column":3}}},"4":{"name":"(anonymous_4)","decl":{"start":{"line":157,"column":9},"end":{"line":157,"column":25}},"loc":{"start":{"line":157,"column":25},"end":{"line":159,"column":3}}}},"branchMap":{"0":{"loc":{"start":{"line":96,"column":4},"end":{"line":146,"column":5}},"type":"switch","locations":[{"start":{"line":97,"column":6},"end":{"line":103,"column":7}},{"start":{"line":104,"column":6},"end":{"line":116,"column":7}},{"start":{"line":117,"column":6},"end":{"line":123,"column":7}},{"start":{"line":124,"column":6},"end":{"line":130,"column":7}},{"start":{"line":131,"column":6},"end":{"line":136,"column":7}},{"start":{"line":137,"column":6},"end":{"line":143,"column":7}},{"start":{"line":144,"column":6},"end":{"line":145,"column":65}}]},"1":{"loc":{"start":{"line":106,"column":8},"end":{"line":106,"column":87}},"type":"if","locations":[{"start":{"line":106,"column":8},"end":{"line":106,"column":87}}]},"2":{"loc":{"start":{"line":107,"column":8},"end":{"line":107,"column":76}},"type":"if","locations":[{"start":{"line":107,"column":8},"end":{"line":107,"column":76}}]}},"s":{"0":2,"1":2,"2":2,"3":2,"4":2,"5":11,"6":11,"7":11,"8":11,"9":11,"10":11,"11":11,"12":11,"13":11,"14":11,"15":11,"16":11,"17":11,"18":11,"19":11,"20":11,"21":11,"22":11,"23":11,"24":11,"25":8,"26":8,"27":2,"28":2,"29":1,"30":1,"31":1,"32":1,"33":1,"34":1,"35":1,"36":1,"37":1,"38":1,"39":1,"40":1,"41":1,"42":1,"43":1,"44":1,"45":4,"46":1,"47":0,"48":2},"f":{"0":11,"1":8,"2":4,"3":1,"4":0},"b":{"0":[2,1,1,1,1,1,1],"1":[1],"2":[1]}}
,"/home/richard/rpi/actual-ai-fork/src/llm-service.ts": {"path":"/home/richard/rpi/actual-ai-fork/src/llm-service.ts","statementMap":{"0":{"start":{"line":1,"column":0},"end":{"line":1,"column":49}},"1":{"start":{"line":6,"column":0},"end":{"line":6,"column":58}},"2":{"start":{"line":7,"column":0},"end":{"line":7,"column":54}},"3":{"start":{"line":36,"column":20},"end":{"line":36,"column":35}},"4":{"start":{"line":37,"column":4},"end":{"line":37,"column":34}},"5":{"start":{"line":38,"column":4},"end":{"line":38,"column":51}},"6":{"start":{"line":39,"column":4},"end":{"line":39,"column":42}},"7":{"start":{"line":40,"column":4},"end":{"line":40,"column":35}},"8":{"start":{"line":41,"column":4},"end":{"line":41,"column":35}},"9":{"start":{"line":42,"column":4},"end":{"line":42,"column":51}},"10":{"start":{"line":43,"column":4},"end":{"line":43,"column":85}},"11":{"start":{"line":49,"column":28},"end":{"line":49,"column":58}},"12":{"start":{"line":50,"column":26},"end":{"line":51,"column":43}},"13":{"start":{"line":52,"column":24},"end":{"line":53,"column":41}},"14":{"start":{"line":55,"column":4},"end":{"line":58,"column":5}},"15":{"start":{"line":56,"column":6},"end":{"line":56,"column":78}},"16":{"start":{"line":57,"column":6},"end":{"line":57,"column":13}},"17":{"start":{"line":60,"column":4},"end":{"line":63,"column":5}},"18":{"start":{"line":61,"column":6},"end":{"line":61,"column":79}},"19":{"start":{"line":62,"column":6},"end":{"line":62,"column":13}},"20":{"start":{"line":65,"column":4},"end":{"line":67,"column":5}},"21":{"start":{"line":66,"column":6},"end":{"line":66,"column":70}},"22":{"start":{"line":68,"column":16},"end":{"line":72,"column":5}},"23":{"start":{"line":69,"column":6},"end":{"line":69,"column":42}},"24":{"start":{"line":69,"column":27},"end":{"line":69,"column":42}},"25":{"start":{"line":70,"column":6},"end":{"line":70,"column":37}},"26":{"start":{"line":70,"column":19},"end":{"line":70,"column":37}},"27":{"start":{"line":71,"column":6},"end":{"line":71,"column":27}},"28":{"start":{"line":73,"column":4},"end":{"line":75,"column":6}},"29":{"start":{"line":79,"column":4},"end":{"line":81,"column":5}},"30":{"start":{"line":80,"column":6},"end":{"line":80,"column":54}},"31":{"start":{"line":83,"column":4},"end":{"line":94,"column":5}},"32":{"start":{"line":84,"column":6},"end":{"line":84,"column":59}},"33":{"start":{"line":86,"column":27},"end":{"line":86,"column":65}},"34":{"start":{"line":87,"column":6},"end":{"line":89,"column":7}},"35":{"start":{"line":88,"column":8},"end":{"line":88,"column":28}},"36":{"start":{"line":90,"column":6},"end":{"line":90,"column":45}},"37":{"start":{"line":92,"column":6},"end":{"line":92,"column":55}},"38":{"start":{"line":93,"column":6},"end":{"line":93,"column":98}},"39":{"start":{"line":98,"column":4},"end":{"line":151,"column":5}},"40":{"start":{"line":99,"column":6},"end":{"line":99,"column":108}},"41":{"start":{"line":101,"column":6},"end":{"line":114,"column":7}},"42":{"start":{"line":102,"column":25},"end":{"line":102,"column":65}},"43":{"start":{"line":103,"column":26},"end":{"line":103,"column":89}},"44":{"start":{"line":104,"column":8},"end":{"line":108,"column":9}},"45":{"start":{"line":105,"column":10},"end":{"line":106,"column":63}},"46":{"start":{"line":107,"column":10},"end":{"line":107,"column":82}},"47":{"start":{"line":109,"column":8},"end":{"line":113,"column":11}},"48":{"start":{"line":116,"column":6},"end":{"line":146,"column":9}},"49":{"start":{"line":117,"column":27},"end":{"line":117,"column":48}},"50":{"start":{"line":118,"column":22},"end":{"line":118,"column":74}},"51":{"start":{"line":118,"column":39},"end":{"line":118,"column":57}},"52":{"start":{"line":122,"column":39},"end":{"line":122,"column":106}},"53":{"start":{"line":123,"column":22},"end":{"line":123,"column":87}},"54":{"start":{"line":124,"column":8},"end":{"line":145,"column":9}},"55":{"start":{"line":125,"column":27},"end":{"line":133,"column":12}},"56":{"start":{"line":137,"column":10},"end":{"line":142,"column":11}},"57":{"start":{"line":138,"column":12},"end":{"line":138,"column":42}},"58":{"start":{"line":140,"column":12},"end":{"line":140,"column":68}},"59":{"start":{"line":141,"column":12},"end":{"line":141,"column":64}},"60":{"start":{"line":144,"column":10},"end":{"line":144,"column":30}},"61":{"start":{"line":148,"column":23},"end":{"line":148,"column":77}},"62":{"start":{"line":149,"column":6},"end":{"line":149,"column":81}},"63":{"start":{"line":150,"column":6},"end":{"line":150,"column":18}},"64":{"start":{"line":155,"column":4},"end":{"line":174,"column":6}},"65":{"start":{"line":158,"column":27},"end":{"line":158,"column":48}},"66":{"start":{"line":159,"column":22},"end":{"line":159,"column":74}},"67":{"start":{"line":159,"column":39},"end":{"line":159,"column":57}},"68":{"start":{"line":160,"column":8},"end":{"line":160,"column":75}},"69":{"start":{"line":161,"column":8},"end":{"line":172,"column":9}},"70":{"start":{"line":162,"column":27},"end":{"line":167,"column":12}},"71":{"start":{"line":169,"column":10},"end":{"line":169,"column":56}},"72":{"start":{"line":171,"column":10},"end":{"line":171,"column":30}},"73":{"start":{"line":9,"column":0},"end":{"line":9,"column":21}}},"fnMap":{"0":{"name":"(anonymous_0)","decl":{"start":{"line":24,"column":2},"end":{"line":24,"column":null}},"loc":{"start":{"line":34,"column":5},"end":{"line":76,"column":3}}},"1":{"name":"(anonymous_1)","decl":{"start":{"line":68,"column":16},"end":{"line":68,"column":17}},"loc":{"start":{"line":68,"column":50},"end":{"line":72,"column":5}}},"2":{"name":"(anonymous_2)","decl":{"start":{"line":78,"column":9},"end":{"line":78,"column":14}},"loc":{"start":{"line":78,"column":38},"end":{"line":95,"column":3}}},"3":{"name":"(anonymous_3)","decl":{"start":{"line":97,"column":9},"end":{"line":97,"column":14}},"loc":{"start":{"line":97,"column":33},"end":{"line":152,"column":3}}},"4":{"name":"(anonymous_4)","decl":{"start":{"line":116,"column":69},"end":{"line":116,"column":74}},"loc":{"start":{"line":116,"column":80},"end":{"line":146,"column":7}}},"5":{"name":"(anonymous_5)","decl":{"start":{"line":118,"column":33},"end":{"line":118,"column":36}},"loc":{"start":{"line":118,"column":39},"end":{"line":118,"column":57}}},"6":{"name":"(anonymous_6)","decl":{"start":{"line":154,"column":9},"end":{"line":154,"column":14}},"loc":{"start":{"line":154,"column":51},"end":{"line":175,"column":3}}},"7":{"name":"(anonymous_7)","decl":{"start":{"line":157,"column":6},"end":{"line":157,"column":11}},"loc":{"start":{"line":157,"column":17},"end":{"line":173,"column":7}}},"8":{"name":"(anonymous_8)","decl":{"start":{"line":159,"column":33},"end":{"line":159,"column":36}},"loc":{"start":{"line":159,"column":39},"end":{"line":159,"column":57}}}},"branchMap":{"0":{"loc":{"start":{"line":42,"column":21},"end":{"line":42,"column":50}},"type":"binary-expr","locations":[{"start":{"line":42,"column":21},"end":{"line":42,"column":39}},{"start":{"line":42,"column":43},"end":{"line":42,"column":50}}]},"1":{"loc":{"start":{"line":43,"column":39},"end":{"line":43,"column":84}},"type":"binary-expr","locations":[{"start":{"line":43,"column":39},"end":{"line":43,"column":75}},{"start":{"line":43,"column":79},"end":{"line":43,"column":84}}]},"2":{"loc":{"start":{"line":50,"column":26},"end":{"line":51,"column":43}},"type":"binary-expr","locations":[{"start":{"line":50,"column":26},"end":{"line":50,"column":60}},{"start":{"line":51,"column":9},"end":{"line":51,"column":43}}]},"3":{"loc":{"start":{"line":52,"column":24},"end":{"line":53,"column":41}},"type":"binary-expr","locations":[{"start":{"line":52,"column":24},"end":{"line":52,"column":56}},{"start":{"line":53,"column":9},"end":{"line":53,"column":41}}]},"4":{"loc":{"start":{"line":55,"column":4},"end":{"line":58,"column":5}},"type":"if","locations":[{"start":{"line":55,"column":4},"end":{"line":58,"column":5}}]},"5":{"loc":{"start":{"line":60,"column":4},"end":{"line":63,"column":5}},"type":"if","locations":[{"start":{"line":60,"column":4},"end":{"line":63,"column":5}}]},"6":{"loc":{"start":{"line":60,"column":8},"end":{"line":60,"column":64}},"type":"binary-expr","locations":[{"start":{"line":60,"column":8},"end":{"line":60,"column":35}},{"start":{"line":60,"column":39},"end":{"line":60,"column":64}}]},"7":{"loc":{"start":{"line":65,"column":4},"end":{"line":67,"column":5}},"type":"if","locations":[{"start":{"line":65,"column":4},"end":{"line":67,"column":5}}]},"8":{"loc":{"start":{"line":69,"column":6},"end":{"line":69,"column":42}},"type":"if","locations":[{"start":{"line":69,"column":6},"end":{"line":69,"column":42}}]},"9":{"loc":{"start":{"line":70,"column":6},"end":{"line":70,"column":37}},"type":"if","locations":[{"start":{"line":70,"column":6},"end":{"line":70,"column":37}}]},"10":{"loc":{"start":{"line":79,"column":4},"end":{"line":81,"column":5}},"type":"if","locations":[{"start":{"line":79,"column":4},"end":{"line":81,"column":5}}]},"11":{"loc":{"start":{"line":87,"column":6},"end":{"line":89,"column":7}},"type":"if","locations":[{"start":{"line":87,"column":6},"end":{"line":89,"column":7}}]},"12":{"loc":{"start":{"line":93,"column":41},"end":{"line":93,"column":95}},"type":"cond-expr","locations":[{"start":{"line":93,"column":66},"end":{"line":93,"column":79}},{"start":{"line":93,"column":82},"end":{"line":93,"column":95}}]},"13":{"loc":{"start":{"line":99,"column":59},"end":{"line":99,"column":104}},"type":"cond-expr","locations":[{"start":{"line":99,"column":81},"end":{"line":99,"column":99}},{"start":{"line":99,"column":102},"end":{"line":99,"column":104}}]},"14":{"loc":{"start":{"line":101,"column":6},"end":{"line":114,"column":7}},"type":"if","locations":[{"start":{"line":101,"column":6},"end":{"line":114,"column":7}}]},"15":{"loc":{"start":{"line":104,"column":8},"end":{"line":108,"column":9}},"type":"if","locations":[{"start":{"line":104,"column":8},"end":{"line":108,"column":9}}]},"16":{"loc":{"start":{"line":122,"column":39},"end":{"line":122,"column":106}},"type":"binary-expr","locations":[{"start":{"line":122,"column":39},"end":{"line":122,"column":69}},{"start":{"line":122,"column":73},"end":{"line":122,"column":106}}]},"17":{"loc":{"start":{"line":123,"column":22},"end":{"line":123,"column":87}},"type":"cond-expr","locations":[{"start":{"line":123,"column":47},"end":{"line":123,"column":56}},{"start":{"line":123,"column":59},"end":{"line":123,"column":87}}]},"18":{"loc":{"start":{"line":130,"column":22},"end":{"line":130,"column":35}},"type":"cond-expr","locations":[{"start":{"line":130,"column":30},"end":{"line":130,"column":31}},{"start":{"line":130,"column":34},"end":{"line":130,"column":35}}]},"19":{"loc":{"start":{"line":148,"column":23},"end":{"line":148,"column":77}},"type":"cond-expr","locations":[{"start":{"line":148,"column":48},"end":{"line":148,"column":61}},{"start":{"line":148,"column":64},"end":{"line":148,"column":77}}]}},"s":{"0":6,"1":6,"2":6,"3":13,"4":13,"5":13,"6":13,"7":13,"8":13,"9":13,"10":13,"11":13,"12":13,"13":13,"14":13,"15":5,"16":5,"17":8,"18":1,"19":1,"20":7,"21":7,"22":7,"23":14,"24":1,"25":13,"26":2,"27":11,"28":7,"29":0,"30":0,"31":0,"32":0,"33":0,"34":0,"35":0,"36":0,"37":0,"38":0,"39":5,"40":5,"41":5,
[...]
{"line":135,"column":78}},"46":{"start":{"line":137,"column":16},"end":{"line":137,"column":63}},"47":{"start":{"line":138,"column":16},"end":{"line":138,"column":70}},"48":{"start":{"line":139,"column":16},"end":{"line":139,"column":105}},"49":{"start":{"line":147,"column":4},"end":{"line":147,"column":17}},"50":{"start":{"line":151,"column":4},"end":{"line":151,"column":24}},"51":{"start":{"line":158,"column":19},"end":{"line":158,"column":38}},"52":{"start":{"line":159,"column":4},"end":{"line":159,"column":34}},"53":{"start":{"line":159,"column":17},"end":{"line":159,"column":34}},"54":{"start":{"line":160,"column":4},"end":{"line":163,"column":5}},"55":{"start":{"line":161,"column":6},"end":{"line":161,"column":29}},"56":{"start":{"line":162,"column":6},"end":{"line":162,"column":23}},"57":{"start":{"line":164,"column":4},"end":{"line":164,"column":24}},"58":{"start":{"line":172,"column":4},"end":{"line":172,"column":36}},"59":{"start":{"line":173,"column":4},"end":{"line":178,"column":5}},"60":{"start":{"line":174,"column":24},"end":{"line":174,"column":71}},"61":{"start":{"line":175,"column":6},"end":{"line":177,"column":7}},"62":{"start":{"line":176,"column":8},"end":{"line":176,"column":32}},"63":{"start":{"line":179,"column":4},"end":{"line":182,"column":7}},"64":{"start":{"line":186,"column":16},"end":{"line":186,"column":26}},"65":{"start":{"line":187,"column":4},"end":{"line":191,"column":5}},"66":{"start":{"line":188,"column":6},"end":{"line":190,"column":7}},"67":{"start":{"line":189,"column":8},"end":{"line":189,"column":26}},"68":{"start":{"line":207,"column":28},"end":{"line":207,"column":54}},"69":{"start":{"line":208,"column":4},"end":{"line":208,"column":52}},"70":{"start":{"line":208,"column":26},"end":{"line":208,"column":52}},"71":{"start":{"line":209,"column":21},"end":{"line":209,"column":50}},"72":{"start":{"line":210,"column":19},"end":{"line":210,"column":56}},"73":{"start":{"line":211,"column":4},"end":{"line":211,"column":30}},"74":{"start":{"line":211,"column":16},"end":{"line":211,"column":30}},"75":{"start":{"line":212,"column":4},"end":{"line":212,"column":72}},"76":{"start":{"line":213,"column":19},"end":{"line":213,"column":50}},"77":{"start":{"line":214,"column":4},"end":{"line":214,"column":50}},"78":{"start":{"line":215,"column":4},"end":{"line":215,"column":18}},"79":{"start":{"line":219,"column":4},"end":{"line":219,"column":50}},"80":{"start":{"line":219,"column":43},"end":{"line":219,"column":50}},"81":{"start":{"line":220,"column":20},"end":{"line":220,"column":80}},"82":{"start":{"line":221,"column":24},"end":{"line":221,"column":64}},"83":{"start":{"line":222,"column":19},"end":{"line":222,"column":74}},"84":{"start":{"line":223,"column":4},"end":{"line":225,"column":5}},"85":{"start":{"line":224,"column":6},"end":{"line":224,"column":105}},"86":{"start":{"line":229,"column":19},"end":{"line":236,"column":6}},"87":{"start":{"line":238,"column":4},"end":{"line":271,"column":7}},"88":{"start":{"line":239,"column":22},"end":{"line":243,"column":8}},"89":{"start":{"line":245,"column":18},"end":{"line":264,"column":8}},"90":{"start":{"line":246,"column":19},"end":{"line":246,"column":21}},"91":{"start":{"line":248,"column":8},"end":{"line":250,"column":11}},"92":{"start":{"line":249,"column":10},"end":{"line":249,"column":24}},"93":{"start":{"line":252,"column":8},"end":{"line":263,"column":11}},"94":{"start":{"line":253,"column":10},"end":{"line":262,"column":11}},"95":{"start":{"line":254,"column":12},"end":{"line":259,"column":13}},"96":{"start":{"line":255,"column":31},"end":{"line":255,"column":65}},"97":{"start":{"line":256,"column":14},"end":{"line":256,"column":32}},"98":{"start":{"line":258,"column":14},"end":{"line":258,"column":66}},"99":{"start":{"line":261,"column":12},"end":{"line":261,"column":91}},"100":{"start":{"line":266,"column":6},"end":{"line":268,"column":9}},"101":{"start":{"line":267,"column":8},"end":{"line":267,"column":18}},"102":{"start":{"line":270,"column":6},"end":{"line":270,"column":16}},"103":{"start":{"line":275,"column":4},"end":{"line":277,"column":5}},"104":{"start":{"line":276,"column":6},"end":{"line":276,"column":55}},"105":{"start":{"line":279,"column":4},"end":{"line":281,"column":5}},"106":{"start":{"line":280,"column":6},"end":{"line":280,"column":70}},"107":{"start":{"line":283,"column":45},"end":{"line":283,"column":47}},"108":{"start":{"line":286,"column":4},"end":{"line":300,"column":7}},"109":{"start":{"line":289,"column":39},"end":{"line":293,"column":8}},"110":{"start":{"line":294,"column":26},"end":{"line":295,"column":null}},"111":{"start":{"line":295,"column":16},"end":{"line":295,"column":68}},"112":{"start":{"line":297,"column":6},"end":{"line":299,"column":7}},"113":{"start":{"line":298,"column":8},"end":{"line":298,"column":42}},"114":{"start":{"line":303,"column":29},"end":{"line":306,"column":45}},"115":{"start":{"line":304,"column":30},"end":{"line":306,"column":31}},"116":{"start":{"line":308,"column":4},"end":{"line":308,"column":50}},"117":{"start":{"line":312,"column":19},"end":{"line":312,"column":78}},"118":{"start":{"line":312,"column":65},"end":{"line":312,"column":77}},"119":{"start":{"line":313,"column":19},"end":{"line":313,"column":78}},"120":{"start":{"line":313,"column":65},"end":{"line":313,"column":77}},"121":{"start":{"line":315,"column":4},"end":{"line":315,"column":51}},"122":{"start":{"line":315,"column":42},"end":{"line":315,"column":51}},"123":{"start":{"line":317,"column":24},"end":{"line":317,"column":51}},"124":{"start":{"line":318,"column":20},"end":{"line":318,"column":71}},"125":{"start":{"line":318,"column":49},"end":{"line":318,"column":70}},"126":{"start":{"line":320,"column":4},"end":{"line":320,"column":72}},"127":{"start":{"line":24,"column":26},"end":{"line":24,"column":41}},"128":{"start":{"line":26,"column":26},"end":{"line":26,"column":46}},"129":{"start":{"line":23,"column":21},"end":{"line":23,"column":null}}},"fnMap":{"0":{"name":"(anonymous_10)","decl":{"start":{"line":38,"column":2},"end":{"line":38,"column":14}},"loc":{"start":{"line":38,"column":37},"end":{"line":41,"column":3}}},"1":{"name":"(anonymous_11)","decl":{"start":{"line":47,"column":9},"end":{"line":47,"column":14}},"loc":{"start":{"line":47,"column":35},"end":{"line":86,"column":3}}},"2":{"name":"(anonymous_12)","decl":{"start":{"line":57,"column":18},"end":{"line":57,"column":23}},"loc":{"start":{"line":57,"column":44},"end":{"line":61,"column":9}}},"3":{"name":"(anonymous_13)","decl":{"start":{"line":71,"column":18},"end":{"line":71,"column":23}},"loc":{"start":{"line":71,"column":44},"end":{"line":81,"column":9}}},"4":{"name":"(anonymous_14)","decl":{"start":{"line":88,"column":9},"end":{"line":88,"column":17}},"loc":{"start":{"line":88,"column":17},"end":{"line":148,"column":3}}},"5":{"name":"(anonymous_15)","decl":{"start":{"line":100,"column":17},"end":{"line":100,"column":22}},"loc":{"start":{"line":100,"column":73},"end":{"line":112,"column":9}}},"6":{"name":"(anonymous_16)","decl":{"start":{"line":106,"column":22},"end":{"line":106,"column":27}},"loc":{"start":{"line":106,"column":48},"end":{"line":110,"column":13}}},"7":{"name":"(anonymous_17)","decl":{"start":{"line":125,"column":17},"end":{"line":125,"column":22}},"loc":{"start":{"line":125,"column":73},"end":{"line":143,"column":9}}},"8":{"name":"(anonymous_18)","decl":{"start":{"line":131,"column":22},"end":{"line":131,"column":27}},"loc":{"start":{"line":131,"column":48},"end":{"line":141,"column":13}}},"9":{"name":"(anonymous_19)","decl":{"start":{"line":150,"column":10},"end":{"line":150,"column":24}},"loc":{"start":{"line":150,"column":38},"end":{"line":152,"column":3}}},"10":{"name":"(anonymous_20)","decl":{"start":{"line":154,"column":10},"end":{"line":154,"column":25}},"loc":{"start":{"line":156,"column":20},"end":{"line":165,"column":3}}},"11":{"name":"(anonymous_21)","decl":{"start":{"line":167,"column":10},"end":{"line":167,"column":25}},"loc":{"start":{"line":170,"column":17},"end":{"line":183,"column":3}}},"12":{"name":"(anonymous_22)","decl":{"start":{"line":185,"column":10},"end":{"line":185,"column":29}},"loc":{"start":{"line":185,"column":68},"end":{"line":192,"column":3}}},"13":{"name":"(anonymous_23)","decl":{"start":{"line":194,"column":10},"end":{"line":194,"column":15}},"loc":{"start":{"line":206,"column":3},"end":{"line":216,"column":3}}},"14":{"name":"(anonymous_24)","decl":{"start":{"line":218,"column":10},"end":{"line":218,"column":44}},"loc":{"start":{"line":218,"column":59},"end":{"line":226,"column":3}}},"15":{"name":"(anonymous_25)","decl":{"start":{"line":228,"column":10},"end":{"line":228,"column":15}},"loc":{"start":{"line":228,"column":43},"end":{"line":272,"column":3}}},"16":{"name":"(anonymous_26)","decl":{"start":{"line":238,"column":23},"end":{"line":238,"column":24}},"loc":{"start":{"line":238,"column":43},"end":{"line":271,"column":5}}},"17":{"name":"(anonymous_27)","decl":{"start":{"line":245,"column":41},"end":{"line":245,"column":42}},"loc":{"start":{"line":245,"column":49},"end":{"line":264,"column":7}}},"18":{"name":"(anonymous_28)","decl":{"start":{"line":248,"column":23},"end":{"line":248,"column":24}},"loc":{"start":{"line":248,"column":33},"end":{"line":250,"column":9}}},"19":{"name":"(anonymous_29)","decl":{"start":{"line":252,"column":22},"end":{"line":252,"column":25}},"loc":{"start":{"line":252,"column":27},"end":{"line":263,"column":9}}},"20":{"name":"(anonymous_30)","decl":{"start":{"line":266,"column":22},"end":{"line":266,"column":23}},"loc":{"start":{"line":266,"column":28},"end":{"line":268,"column":7}}},"21":{"name":"(anonymous_31)","decl":{"start":{"line":274,"column":10},"end":{"line":274,"column":29}},"loc":{"start":{"line":274,"column":53},"end":{"line":309,"column":3}}},"22":{"name":"(anonymous_32)","decl":{"start":{"line":286,"column":36},"end":{"line":286,"column":37}},"loc":{"start":{"line":286,"column":52},"end":{"line":300,"column":5}}},"23":{"name":"(anonymous_33)","decl":{"start":{"line":295,"column":8},"end":{"line":295,"column":9}},"loc":{"start":{"line":295,"column":16},"end":{"line":295,"column":68}}},"24":{"name":"(anonymous_34)","decl":{"start":{"line":304,"column":11},"end":{"line":304,"column":12}},"loc":{"start":{"line":304,"column":30},"end":{"line":306,"column":31}}},"25":{"name":"(anonymous_35)","decl":{"start":{"line":311,"column":10},"end":{"line":311,"column":23}},"loc":{"start":{"line":311,"column":50},"end":{"line":321,"column":3}}},"26":{"name":"(anonymous_36)","decl":{"start":{"line":312,"column":58},"end":{"line":312,"column":59}},"loc":{"start":{"line":312,"column":65},"end":{"line":312,"column":77}}},"27":{"name":"(anonymous_37)","decl":{"start":{"line":313,"column":58},"end":{"line":313,"column":59}},"loc":{"start":{"line":313,"column":65},"end":{"line":313,"column":77}}},"28":{"name":"(anonymous_38)","decl":{"start":{"line":318,"column":39},"end":{"line":318,"column":40}},"loc":{"start":{"line":318,"column":49},"end":{"line":318,"column":70}}}},"branchMap":{"0":{"loc":{"start":{"line":49,"column":4},"end":{"line":49,"column":40}},"type":"if","locations":[{"start":{"line":49,"column":4},"end":{"line":49,"column":40}}]},"1":{"loc":{"start":{"line":51,"column":4},"end":{"line":63,"column":5}},"type":"if","locations":[{"start":{"line":51,"column":4},"end":{"line":63,"column":5}}]},"2":{"loc":{"start":{"line":58,"column":10},"end":{"line":58,"column":65}},"type":"if","locations":[{"start":{"line":58,"column":10},"end":{"line":58,"column":65}}]},"3":{"loc":{"start":{"line":65,"column":4},"end":{"line":83,"column":5}},"type":"if","locations":[{"start":{"line":65,"column":4},"end":{"line":83,"column":5}}]},"4":{"loc":{"start":{"line":69,"column":28},"end":{"line":69,"column":85}},"type":"binary-expr","locations":[{"start":{"line":69,"column":28},"end":{"line":69,"column":61}},{"start":{"line":69,"column":65},"end":{"line":69,"column":85}}]},"5":{"loc":{"start":{"line":72,"column":10},"end":{"line":72,"column":90}},"type":"if","locations":[{"start":{"line":72,"column":10},"end":{"line":72,"column":90}}]},"6":{"loc":{"start":{"line":79,"column":19},"end":{"line":79,"column":100}},"type":"binary-expr","locations":[{"start":{"line":79,"column":19},"end":{"line":79,"column":52}},{"start":{"line":79,"column":56},"end":{"line":79,"column":100}}]},"7":{"loc":{"start":{"line":91,"column":4},"end":{"line":114,"column":5}},"type":"if","locations":[{"start":{"line":91,"column":4},"end":{"line":114,"column":5}}]},"8":{"loc":{"start":{"line":107,"column":14},"end":{"line":107,"column":69}},"type":"if","locations":[{"start":{"line":107,"column":14},"end":{"line":107,"column":69}}]},"9":{"loc":{"start":{"line":116,"column":4},"end":{"line":145,"column":5}},"type":"if","locations":[{"start":{"line":116,"column":4},"end":{"line":145,"column":5}}]},"10":{"loc":{"start":{"line":129,"column":32},"end":{"line":129,"column":89}},"type":"binary-expr","locations":[{"start":{"line":129,"column":32},"end":{"line":129,"column":65}},{"start":{"line":129,"column":69},"end":{"line":129,"column":89}}]},"11":{"loc":{"start":{"line":132,"column":14},"end":{"line":132,"column":94}},"type":"if","locations":[{"start":{"line":132,"column":14},"end":{"line":132,"column":94}}]},"12":{"loc":{"start":{"line":139,"column":23},"end":{"line":139,"column":104}},"type":"binary-expr","locations":[{"start":{"line":139,"column":23},"end":{"line":139,"column":56}},{"start":{"line":139,"column":60},"end":{"line":139,"column":104}}]},"13":{"loc":{"start":{"line":159,"column":4},"end":{"line":159,"column":34}},"type":"if","locations":[{"start":{"line":159,"column":4},"end":{"line":159,"column":34}}]},"14":{"loc":{"start":{"line":160,"column":4},"end":{"line":163,"column":5}},"type":"if","locations":[{"start":{"line":160,"column":4},"end":{"line":163,"column":5}}]},"15":{"loc":{"start":{"line":173,"column":4},"end":{"line":178,"column":5}},"type":"if","locations":[{"start":{"line":173,"column":4},"end":{"line":178,"column":5}}]},"16":{"loc":{"start":{"line":175,"column":6},"end":{"line":177,"column":7}},"type":"if","locations":[{"start":{"line":175,"column":6},"end":{"line":177,"column":7}}]},"17":{"loc":{"start":{"line":188,"column":6},"end":{"line":190,"column":7}},"type":"if","locations":[{"start":{"line":188,"column":6},"end":{"line":190,"column":7}}]},"18":{"loc":{"start":{"line":208,"column":4},"end":{"line":208,"column":52}},"type":"if","locations":[{"start":{"line":208,"column":4},"end":{"line":208,"column":52}}]},"19":{"loc":{"start":{"line":211,"column":4},"end":{"line":211,"column":30}},"type":"if","locations":[{"start":{"line":211,"column":4},"end":{"line":211,"column":30}}]},"20":{"loc":{"start":{"line":219,"column":4},"end":{"line":219,"column":50}},"type":"if","locations":[{"start":{"line":219,"column":4},"end":{"line":219,"column":50}}]},"21":{"loc":{"start":{"line":220,"column":20},"end":{"line":220,"column":80}},"type":"cond-expr","locations":[{"start":{"line":220,"column":45},"end":{"line":220,"column":58}},{"start":{"line":220,"column":61},"end":{"line":220,"column":80}}]},"22":{"loc":{"start":{"line":220,"column":68},"end":{"line":220,"column":79}},"type":"binary-expr","locations":[{"start":{"line":220,"column":68},"end":{"line":220,"column":73}},{"start":{"line":220,"column":77},"end":{"line":220,"column":79}}]},"23":{"loc":{"start":{"line":222,"column":19},"end":{"line":222,"column":74}},"type":"cond-expr","locations":[{"start":{"line":222,"column":33},"end":{"line":222,"column":68}},{"start":{"line":222,"column":71},"end":{"line":222,"column":74}}]},"24":{"loc":{"start":{"line":223,"column":4},"end":{"line":225,"column":5}},"type":"if","locations":[{"start":{"line":223,"column":4},"end":{"line":225,"column":5}}]},"25":{"loc":{"start":{"line":223,"column":8},"end":{"line":223,"column":40}},"type":"binary-expr","locations":[{"start":{"line":223,"column":8},"end":{"line":223,"column":22}},{"start":{"line":223,"column":26},"end":{"line":223,"column":40}}]},"26":{"loc":{"start":{"line":253,"column":10},"end":{"line":262,"column":11}},"type":"if","locations":[{"start":{"line":253,"column":10},"end":{"line":262,"column":11}},{"start":{"line":260,"column":17},"end":{"line":262,"column":11}}]},"27":{"loc":{"start":{"line":253,"column":14},"end":{"line":253,"column":77}},"type":"binary-expr","locations":[{"start":{"line":253,"column":14},"end":{"line":253,"column":28}},{"start":{"line":253,"column":32},"end":{"line":253,"column":53}},{"start":{"line":253,"column":57},"end":{"line":253,"column":77}}]},"28":{"loc":{"start":{"line":275,"column":4},"end":{"line":277,"column":5}},"type":"if","locations":[{"start":{"line":275,"column":4},"end":{"line":277,"column":5}}]},"29":{"loc":{"start":{"line":279,"column":4},"end":{"line":281,"column":5}},"type":"if","locations":[{"start":{"line":279,"column":4},"end":{"line":281,"column":5}}]},"30":{"loc":{"start":{"line":290,"column":15},"end":{"line":290,"column":68}},"type":"cond-expr","locations":[{"start":{"line":290,"column":51},"end":{"line":290,"column":63}},{"start":{"line":290,"column":66},"end":{"line":290,"column":68}}]},"31":{"loc":{"start":{"line":291,"column":17},"end":{"line":291,"column":74}},"type":"cond-expr","locations":[{"start":{"line":291,"column":55},"end":{"line":291,"column":69}},{"start":{"line":291,"column":72},"end":{"line":291,"column":74}}]},"32":{"loc":{"start":{"line":292,"column":14},"end":{"line":292,"column":65}},"type":"cond-expr","locations":[{"start":{"line":292,"column":49},"end":{"line":292,"column":60}},{"start":{"line":292,"column":63},"end":{"line":292,"column":65}}]},"33":{"loc":{"start":{"line":297,"column":6},"end":{"line":299,"column":7}},"type":"if","locations":[{"start":{"line":297,"column":6},"end":{"line":299,"column":7}}]},"34":{"loc":{"start":{"line":305,"column":14},"end":{"line":305,"column":34}},"type":"binary-expr","locations":[{"start":{"line":305,"column":14},"end":{"line":305,"column":28}},{"start":{"line":305,"column":32},"end":{"line":305,"column":34}}]},"35":{"loc":{"start":{"line":315,"column":4},"end":{"line":315,"column":51}},"type":"if","locations":[{"start":{"line":315,"column":4},"end":{"line":315,"column":51}}]},"36":{"loc":{"start":{"line":315,"column":8},"end":{"line":315,"column":40}},"type":"binary-expr","locations":[{"start":{"line":315,"column":8},"end":{"line":315,"column":22}},{"start":{"line":315,"column":26},"end":{"line":315,"column":40}}]}},"s":{"0":6,"1":6,"2":6,"3":6,"4":6,"5":7,"6":7,"7":7,"8":7,"9":7,"10":0,"11":0,"12":0,"13":0,"14":0,"15":0,"16":0,"17":0,"18":0,"19":0,"20":0,"21":0,"22":0,"23":0,"24":0,"25":0,"26":0,"27":0,"28":0,"29":0,"30":5,"31":5,"32":0,"33":0,"34":0,"35":0,"36":0,"37":0,"38":5,"39":5,"40":208,"41":207,"42":1,"43":206,"44":206,"45":205,"46":1,"47":1,"48":1,"49":5,"50":208,"51":208,"52":208,"53":206,"54":2,"55":1,"56":1,"57":1,"58":207,"59":207,"60":2,"61":2,"62":2,"63":207,"64":207,"65":207,"66":20301,"67":0,"68":208,"69":208,"70":0,"71":208,"72":208,"73":208,"74":1,"75":207,"76":207,"77":207,"78":207,"79":1,"80":0,"81":1,"82":1,"83":1,"84":1,"85":1,"86":0,"87":0,"88":0,"89":0,"90":0,"91":0,"92":0,"93":0,"94":0,"95":0,"96":0,"97":0,"98":0,"99":0,"100":0,"101":0,"102":0,"103":1,"104":0,"105":1,"106":0,"107":1,"108":1,"109":3,"110":3,"111":3,"112":3,"113":3,"114":1,"115":3,"116":1,"117":3,"118":3,"119":3,"120":3,"121":3,"122":3,"123":0,"124":0,"125":0,"126":0,"127":6,"128":6,"129":6},"f":{"0":7,"1":0,"2":0,"3":0,"4":5,"5":0,"6":0,"7":208,"8":207,"9":208,"10":208,"11":207,"12":207,"13":208,"14":1,"15":0,"16":0,"17":0,"18":0,"19":0,"20":0,"21":1,"22":3,"23":3,"24":3,"25":3,"26":3,"27":3,"28":0},"b":{"0":[0],"1":[0],"2":[0],"3":[0],"4":[0,0],"5":[0],"6":[0,0],"7":[0],"8":[0],"9":[5],"10":[208,207],"11":[1],"12":[1,0],"13":[206],"14":[1],"15":[2],"16":[2],"17":[0],"18":[0],"19":[1],"20":[0],"21":[1,0],"22":[0,0],"23":[1,0],"24":[1],"25":[1,0],"26":[0,0],"27":[0,0,0],"28":[0],"29":[0],"30":[1,2],"31":[1,2],"32":[1,2],"33":[3],"34":[3,2],"35":[3],"36":[3,2]}}
}
