TN:
SF:app.ts
FN:11,(anonymous_1)
FN:18,(anonymous_2)
FNF:2
FNH:0
FNDA:0,(anonymous_1)
FNDA:0,(anonymous_2)
DA:1,0
DA:2,0
DA:3,0
DA:5,0
DA:6,0
DA:7,0
DA:10,0
DA:11,0
DA:12,0
DA:16,0
DA:17,0
DA:18,0
DA:19,0
DA:22,0
LF:14
LH:0
BRDA:5,0,0,0
BRDA:5,1,0,0
BRDA:5,1,1,0
BRDA:10,2,0,0
BRDA:17,3,0,0
BRDA:17,3,1,0
BRF:6
BRH:0
end_of_record
TN:
SF:src/actual-ai.ts
FN:15,(anonymous_1)
FN:25,(anonymous_2)
FN:76,(anonymous_3)
FN:79,(anonymous_4)
FN:89,(anonymous_5)
FNF:5
FNH:4
FNDA:17,(anonymous_1)
FNDA:16,(anonymous_2)
FNDA:1,(anonymous_3)
FNDA:1,(anonymous_4)
FNDA:0,(anonymous_5)
DA:4,2
DA:5,2
DA:6,2
DA:20,17
DA:21,17
DA:22,17
DA:26,16
DA:27,16
DA:28,16
DA:29,16
DA:30,16
DA:32,16
DA:33,16
DA:34,1
DA:37,0
DA:43,16
DA:45,16
DA:46,16
DA:48,0
DA:49,0
DA:50,0
DA:51,0
DA:52,0
DA:54,0
DA:61,0
DA:66,16
DA:67,16
DA:68,16
DA:71,0
DA:77,1
DA:78,1
DA:79,1
DA:80,1
DA:82,0
DA:90,0
DA:92,0
DA:93,0
DA:102,2
LF:38
LH:25
BRDA:33,0,0,1
BRDA:48,1,0,0
BRDA:48,1,1,0
BRDA:67,2,0,16
BRDA:90,3,0,0
BRDA:93,4,0,0
BRDA:93,4,1,0
BRDA:93,4,2,0
BRDA:93,4,3,0
BRDA:93,4,4,0
BRDA:93,4,5,0
BRF:11
BRH:2
end_of_record
TN:
SF:src/actual-api-service.ts
FN:11,isErrnoException
FN:36,(anonymous_2)
FN:57,(anonymous_3)
FN:103,(anonymous_4)
FN:117,(anonymous_5)
FN:157,(anonymous_6)
FN:162,(anonymous_7)
FN:167,(anonymous_8)
FN:172,(anonymous_9)
FN:177,(anonymous_10)
FN:182,(anonymous_11)
FN:193,(anonymous_12)
FN:204,(anonymous_13)
FN:209,(anonymous_14)
FN:214,(anonymous_15)
FN:223,(anonymous_16)
FN:231,(anonymous_17)
FN:244,(anonymous_18)
FN:260,(anonymous_19)
FN:274,(anonymous_20)
FN:290,(anonymous_21)
FN:298,(anonymous_22)
FN:313,(anonymous_23)
FN:324,(anonymous_24)
FNF:24
FNH:6
FNDA:1,isErrnoException
FNDA:3,(anonymous_2)
FNDA:3,(anonymous_3)
FNDA:2,(anonymous_4)
FNDA:3,(anonymous_5)
FNDA:2,(anonymous_6)
FNDA:0,(anonymous_7)
FNDA:0,(anonymous_8)
FNDA:0,(anonymous_9)
FNDA:0,(anonymous_10)
FNDA:0,(anonymous_11)
FNDA:0,(anonymous_12)
FNDA:0,(anonymous_13)
FNDA:0,(anonymous_14)
FNDA:0,(anonymous_15)
FNDA:0,(anonymous_16)
FNDA:0,(anonymous_17)
FNDA:0,(anonymous_18)
FNDA:0,(anonymous_19)
FNDA:0,(anonymous_20)
FNDA:0,(anonymous_21)
FNDA:0,(anonymous_22)
FNDA:0,(anonymous_23)
FNDA:0,(anonymous_24)
DA:7,2
DA:12,1
DA:32,3
DA:46,3
DA:47,3
DA:48,3
DA:49,3
DA:50,3
DA:51,3
DA:52,3
DA:53,3
DA:54,3
DA:60,3
DA:61,0
DA:64,3
DA:65,1
DA:66,1
DA:67,1
DA:68,1
DA:69,1
DA:70,1
DA:71,1
DA:72,1
DA:77,1
DA:79,0
DA:80,1
DA:82,1
DA:87,0
DA:91,1
DA:96,2
DA:97,2
DA:104,2
DA:105,2
DA:106,2
DA:107,2
DA:109,2
DA:110,2
DA:118,3
DA:120,2
DA:126,2
DA:127,2
DA:128,0
DA:132,2
DA:134,2
DA:136,0
DA:137,0
DA:138,0
DA:139,0
DA:140,0
DA:143,0
DA:144,0
DA:146,0
DA:147,0
DA:149,0
DA:158,2
DA:159,2
DA:164,0
DA:169,0
DA:174,0
DA:179,0
DA:183,0
DA:184,0
DA:186,0
DA:187,0
DA:193,0
DA:194,0
DA:196,0
DA:197,0
DA:201,0
DA:206,0
DA:211,0
DA:215,0
DA:217,0
DA:218,0
DA:223,0
DA:224,0
DA:225,0
DA:228,0
DA:235,0
DA:236,0
DA:237,0
DA:240,0
DA:241,0
DA:242,0
DA:243,0
DA:244,0
DA:245,0
DA:246,0
DA:248,0
DA:250,0
DA:253,0
DA:257,0
DA:265,0
DA:266,0
DA:267,0
DA:270,0
DA:271,0
DA:272,0
DA:273,0
DA:274,0
DA:275,0
DA:276,0
DA:278,0
DA:280,0
DA:283,0
DA:287,0
DA:291,0
DA:292,0
DA:293,0
DA:295,0
DA:299,0
DA:300,0
DA:301,0
DA:304,0
DA:310,0
DA:314,0
DA:315,0
DA:316,0
DA:319,0
DA:325,0
DA:326,0
DA:327,0
DA:329,0
DA:333,2
LF:124
LH:43
BRDA:60,0,0,0
BRDA:64,1,0,1
BRDA:69,2,0,1
BRDA:69,2,1,0
BRDA:77,3,0,0
BRDA:77,3,1,1
BRDA:77,4,0,1
BRDA:77,4,1,1
BRDA:80,5,0,1
BRDA:91,6,0,1
BRDA:91,6,1,0
BRDA:105,7,0,2
BRDA:109,8,0,2
BRDA:127,9,0,0
BRDA:127,9,1,2
BRDA:137,10,0,0
BRDA:139,11,0,0
BRDA:139,12,0,0
BRDA:139,12,1,0
BRDA:196,13,0,0
BRDA:196,14,0,0
BRDA:196,14,1,0
BRDA:224,15,0,0
BRDA:235,16,0,0
BRDA:240,17,0,0
BRDA:243,18,0,0
BRDA:245,19,0,0
BRDA:265,20,0,0
BRDA:270,21,0,0
BRDA:273,22,0,0
BRDA:275,23,0,0
BRDA:291,24,0,0
BRDA:299,25,0,0
BRDA:314,26,0,0
BRDA:325,27,0,0
BRF:35
BRH:10
end_of_record
TN:
SF:src/category-suggestion-optimizer.ts
FN:9,(anonymous_0)
FN:15,(anonymous_1)
FN:69,(anonymous_2)
FN:71,(anonymous_3)
FN:72,(anonymous_4)
FN:76,(anonymous_5)
FN:82,(anonymous_6)
FN:89,(anonymous_7)
FN:101,(anonymous_8)
FN:109,(anonymous_9)
FN:122,(anonymous_10)
FN:127,(anonymous_11)
FN:129,(anonymous_12)
FN:136,(anonymous_13)
FN:139,(anonymous_14)
FN:150,(anonymous_15)
FNF:16
FNH:16
FNDA:24,(anonymous_0)
FNDA:6,(anonymous_1)
FNDA:7,(anonymous_2)
FNDA:10,(anonymous_3)
FNDA:10,(anonymous_4)
FNDA:10,(anonymous_5)
FNDA:9,(anonymous_6)
FNDA:9,(anonymous_7)
FNDA:7,(anonymous_8)
FNDA:7,(anonymous_9)
FNDA:7,(anonymous_10)
FNDA:5,(anonymous_11)
FNDA:7,(anonymous_12)
FNDA:5,(anonymous_13)
FNDA:7,(anonymous_14)
FNDA:3,(anonymous_15)
DA:12,24
DA:30,6
DA:33,6
DA:36,6
DA:37,6
DA:38,6
DA:39,10
DA:40,7
DA:41,7
DA:42,7
DA:43,4
DA:45,4
DA:46,4
DA:47,4
DA:48,4
DA:52,4
DA:53,3
DA:54,3
DA:57,7
DA:61,6
DA:69,6
DA:71,10
DA:72,10
DA:73,7
DA:75,7
DA:76,7
DA:77,10
DA:78,10
DA:80,7
DA:81,7
DA:82,7
DA:83,9
DA:84,8
DA:85,8
DA:89,9
DA:90,7
DA:100,6
DA:101,6
DA:102,7
DA:103,2
DA:108,6
DA:109,7
DA:123,7
DA:126,2
DA:127,2
DA:128,5
DA:129,5
DA:130,7
DA:132,5
DA:136,2
DA:137,5
DA:138,5
DA:139,7
DA:144,5
DA:146,5
DA:150,3
DA:151,2
DA:155,3
LF:58
LH:58
BRDA:39,0,0,3
BRDA:43,1,0,0
BRDA:52,2,0,3
BRDA:78,3,0,10
BRDA:78,3,1,9
BRDA:83,4,0,8
BRDA:102,5,0,2
BRDA:123,6,0,5
BRDA:130,7,0,7
BRDA:130,7,1,5
BRF:10
BRH:9
end_of_record
TN:
SF:src/config.ts
FN:85,(anonymous_1)
FN:92,registerStandardFeatures
FN:142,registerToolFeatures
FN:144,(anonymous_4)
FN:172,isFeatureEnabled
FN:176,registerCustomFeatureFlag
FN:191,toggleFeature
FN:201,getEnabledTools
FN:203,(anonymous_9)
FN:204,(anonymous_10)
FN:207,isToolEnabled
FNF:11
FNH:9
FNDA:2,(anonymous_1)
FNDA:12,registerStandardFeatures
FNDA:12,registerToolFeatures
FNDA:12,(anonymous_4)
FNDA:182,isFeatureEnabled
FNDA:0,registerCustomFeatureFlag
FNDA:9,toggleFeature
FNDA:13,getEnabledTools
FNDA:130,(anonymous_9)
FNDA:13,(anonymous_10)
FNDA:0,isToolEnabled
DA:1,12
DA:2,12
DA:3,12
DA:5,12
DA:7,12
DA:9,12
DA:10,12
DA:11,12
DA:12,12
DA:13,12
DA:14,12
DA:15,12
DA:16,12
DA:17,12
DA:18,12
DA:19,12
DA:20,12
DA:21,12
DA:22,12
DA:23,12
DA:24,12
DA:27,12
DA:28,12
DA:29,12
DA:30,12
DA:31,12
DA:32,12
DA:33,12
DA:34,12
DA:35,12
DA:36,12
DA:37,12
DA:38,12
DA:39,12
DA:40,12
DA:41,12
DA:42,12
DA:43,12
DA:47,12
DA:51,12
DA:64,12
DA:66,12
DA:67,12
DA:68,12
DA:69,5
DA:70,5
DA:71,5
DA:73,0
DA:75,7
DA:76,2
DA:77,2
DA:78,1
DA:79,1
DA:80,1
DA:82,0
DA:85,2
DA:89,0
DA:93,12
DA:99,12
DA:105,12
DA:111,12
DA:117,12
DA:123,12
DA:129,12
DA:135,12
DA:143,12
DA:144,12
DA:147,12
DA:154,12
DA:169,12
DA:170,12
DA:172,12
DA:173,182
DA:176,12
DA:183,0
DA:191,12
DA:192,9
DA:193,0
DA:194,0
DA:196,9
DA:197,9
DA:198,9
DA:201,12
DA:202,13
DA:203,130
DA:204,13
DA:207,12
DA:208,0
LF:88
LH:81
BRDA:9,0,0,12
BRDA:9,0,1,12
BRDA:10,1,0,12
BRDA:10,1,1,12
BRDA:11,2,0,12
BRDA:11,2,1,12
BRDA:12,3,0,12
BRDA:12,3,1,12
BRDA:13,4,0,12
BRDA:13,4,1,12
BRDA:14,5,0,12
BRDA:14,5,1,12
BRDA:15,6,0,12
BRDA:15,6,1,12
BRDA:15,7,0,0
BRDA:15,7,1,12
BRDA:16,8,0,12
BRDA:16,8,1,12
BRDA:17,9,0,12
BRDA:17,9,1,12
BRDA:18,10,0,12
BRDA:18,10,1,12
BRDA:19,11,0,12
BRDA:19,11,1,12
BRDA:20,12,0,12
BRDA:20,12,1,12
BRDA:21,13,0,12
BRDA:21,13,1,12
BRDA:21,13,2,12
BRDA:22,14,0,12
BRDA:22,14,1,12
BRDA:23,15,0,12
BRDA:23,15,1,11
BRDA:24,16,0,1
BRDA:24,16,1,11
BRDA:24,17,0,12
BRDA:24,17,1,1
BRDA:28,18,0,12
BRDA:28,18,1,12
BRDA:29,19,0,12
BRDA:29,19,1,12
BRDA:30,20,0,12
BRDA:30,20,1,12
BRDA:31,21,0,12
BRDA:31,21,1,12
BRDA:31,21,2,12
BRDA:32,22,0,12
BRDA:32,22,1,12
BRDA:32,22,2,12
BRDA:33,23,0,12
BRDA:33,23,1,12
BRDA:34,24,0,12
BRDA:34,24,1,12
BRDA:35,25,0,12
BRDA:35,25,1,12
BRDA:37,26,0,12
BRDA:37,26,1,12
BRDA:38,27,0,12
BRDA:38,27,1,12
BRDA:39,28,0,12
BRDA:39,28,1,12
BRDA:40,29,0,12
BRDA:40,29,1,12
BRDA:41,30,0,12
BRDA:41,30,1,12
BRDA:42,31,0,12
BRDA:42,31,1,12
BRDA:43,32,0,12
BRDA:43,32,1,11
BRDA:68,33,0,5
BRDA:68,33,1,7
BRDA:70,34,0,5
BRDA:70,34,1,0
BRDA:75,35,0,2
BRDA:77,36,0,1
BRDA:77,36,1,1
BRDA:79,37,0,1
BRDA:79,37,1,0
BRDA:112,38,0,12
BRDA:112,38,1,12
BRDA:118,39,0,12
BRDA:118,39,1,12
BRDA:143,40,0,12
BRDA:143,40,1,12
BRDA:148,41,0,12
BRDA:148,41,1,12
BRDA:155,42,0,12
BRDA:155,42,1,6
BRDA:173,43,0,182
BRDA:173,43,1,36
BRDA:173,43,2,36
BRDA:192,44,0,0
BRDA:196,45,0,9
BRDA:196,45,1,0
BRDA:203,46,0,130
BRDA:203,46,1,26
BRDA:204,47,0,13
BRDA:204,47,1,0
BRF:98
BRH:92
end_of_record
TN:
SF:src/container.ts
FN:61,createToolService
FNF:1
FNH:1
FNDA:2,createToolService
DA:1,1
DA:2,1
DA:3,1
DA:4,1
DA:5,1
DA:6,1
DA:43,1
DA:44,1
DA:45,1
DA:46,1
DA:47,1
DA:48,1
DA:49,1
DA:50,1
DA:51,1
DA:52,1
DA:53,1
DA:54,1
DA:55,1
DA:56,1
DA:57,1
DA:58,1
DA:61,1
DA:63,2
DA:66,1
DA:68,1
DA:70,1
DA:93,1
DA:104,1
DA:108,1
DA:121,1
DA:123,1
DA:124,1
DA:129,1
DA:135,1
DA:137,1
DA:145,1
DA:150,1
DA:152,1
DA:160,1
DA:165,1
DA:171,1
LF:42
LH:42
BRDA:63,0,0,2
BRDA:63,0,1,0
BRDA:147,1,0,1
BRDA:147,1,1,1
BRF:4
BRH:3
end_of_record
TN:
SF:src/handlebars-helpers.ts
FN:4,(anonymous_9)
FN:7,(anonymous_10)
FNF:2
FNH:1
FNDA:0,(anonymous_9)
FNDA:2,(anonymous_10)
DA:1,2
DA:4,2
DA:7,2
DA:9,2
LF:4
LH:4
BRF:0
BRH:0
end_of_record
TN:
SF:src/llm-model-factory.ts
FN:50,(anonymous_0)
FN:94,(anonymous_1)
FN:149,(anonymous_2)
FN:153,(anonymous_3)
FN:157,(anonymous_4)
FNF:5
FNH:4
FNDA:11,(anonymous_0)
FNDA:8,(anonymous_1)
FNDA:4,(anonymous_2)
FNDA:1,(anonymous_3)
FNDA:0,(anonymous_4)
DA:2,2
DA:3,2
DA:4,2
DA:5,2
DA:6,2
DA:72,11
DA:73,11
DA:74,11
DA:75,11
DA:76,11
DA:77,11
DA:78,11
DA:79,11
DA:80,11
DA:81,11
DA:82,11
DA:83,11
DA:84,11
DA:85,11
DA:86,11
DA:87,11
DA:88,11
DA:89,11
DA:90,11
DA:91,11
DA:95,8
DA:96,8
DA:98,2
DA:102,2
DA:105,1
DA:106,1
DA:107,1
DA:109,1
DA:115,1
DA:118,1
DA:122,1
DA:125,1
DA:129,1
DA:132,1
DA:135,1
DA:138,1
DA:142,1
DA:145,1
DA:150,4
DA:154,1
DA:158,0
DA:162,2
LF:47
LH:46
BRDA:96,0,0,2
BRDA:96,0,1,1
BRDA:96,0,2,1
BRDA:96,0,3,1
BRDA:96,0,4,1
BRDA:96,0,5,1
BRDA:96,0,6,1
BRDA:106,1,0,1
BRDA:107,2,0,1
BRF:9
BRH:9
end_of_record
TN:
SF:src/llm-service.ts
FN:24,(anonymous_0)
FN:68,(anonymous_1)
FN:78,(anonymous_2)
FN:97,(anonymous_3)
FN:116,(anonymous_4)
FN:118,(anonymous_5)
FN:154,(anonymous_6)
FN:157,(anonymous_7)
FN:159,(anonymous_8)
FNF:9
FNH:4
FNDA:13,(anonymous_0)
FNDA:14,(anonymous_1)
FNDA:0,(anonymous_2)
FNDA:5,(anonymous_3)
FNDA:5,(anonymous_4)
FNDA:0,(anonymous_5)
FNDA:0,(anonymous_6)
FNDA:0,(anonymous_7)
FNDA:0,(anonymous_8)
DA:1,6
DA:6,6
DA:7,6
DA:9,6
DA:36,13
DA:37,13
DA:38,13
DA:39,13
DA:40,13
DA:41,13
DA:42,13
DA:43,13
DA:49,13
DA:50,13
DA:52,13
DA:55,13
DA:56,5
DA:57,5
DA:60,8
DA:61,1
DA:62,1
DA:65,7
DA:66,7
DA:68,7
DA:69,14
DA:70,13
DA:71,11
DA:73,7
DA:79,0
DA:80,0
DA:83,0
DA:84,0
DA:86,0
DA:87,0
DA:88,0
DA:90,0
DA:92,0
DA:93,0
DA:98,5
DA:99,5
DA:101,5
DA:102,0
DA:103,0
DA:104,0
DA:105,0
DA:107,0
DA:109,0
DA:116,5
DA:117,5
DA:118,5
DA:122,5
DA:123,5
DA:124,5
DA:125,5
DA:137,3
DA:138,3
DA:140,1
DA:141,1
DA:144,5
DA:148,0
DA:149,0
DA:150,0
DA:155,0
DA:158,0
DA:159,0
DA:160,0
DA:161,0
DA:162,0
DA:169,0
DA:171,0
LF:70
LH:43
BRDA:42,0,0,13
BRDA:42,0,1,12
BRDA:43,1,0,13
BRDA:43,1,1,11
BRDA:50,2,0,13
BRDA:50,2,1,9
BRDA:52,3,0,13
BRDA:52,3,1,12
BRDA:55,4,0,5
BRDA:60,5,0,1
BRDA:60,6,0,8
BRDA:60,6,1,1
BRDA:65,7,0,7
BRDA:69,8,0,1
BRDA:70,9,0,2
BRDA:79,10,0,0
BRDA:87,11,0,0
BRDA:93,12,0,0
BRDA:93,12,1,0
BRDA:99,13,0,0
BRDA:99,13,1,5
BRDA:101,14,0,0
BRDA:104,15,0,0
BRDA:122,16,0,5
BRDA:122,16,1,2
BRDA:123,17,0,1
BRDA:123,17,1,4
BRDA:130,18,0,1
BRDA:130,18,1,4
BRDA:148,19,0,0
BRDA:148,19,1,0
BRF:31
BRH:22
end_of_record
TN:
SF:src/prompt-generator.ts
FN:14,(anonymous_1)
FN:20,(anonymous_2)
FN:35,(anonymous_3)
FN:47,(anonymous_4)
FN:48,(anonymous_5)
FNF:5
FNH:5
FNDA:10,(anonymous_1)
FNDA:9,(anonymous_2)
FNDA:18,(anonymous_3)
FNDA:9,(anonymous_4)
FNDA:23,(anonymous_5)
DA:3,2
DA:7,2
DA:8,2
DA:9,2
DA:17,10
DA:27,9
DA:28,9
DA:30,0
DA:31,0
DA:35,18
DA:41,9
DA:47,9
DA:48,23
DA:49,9
DA:52,9
DA:53,0
DA:54,0
DA:55,0
DA:57,9
DA:58,0
DA:59,0
DA:60,0
DA:61,0
DA:62,0
DA:63,0
DA:65,0
DA:66,0
DA:71,9
DA:72,0
DA:73,0
DA:74,0
DA:76,9
DA:77,0
DA:78,0
DA:79,0
DA:80,0
DA:81,0
DA:82,0
DA:84,0
DA:85,0
DA:89,9
DA:101,9
DA:102,9
DA:105,9
DA:107,9
DA:125,1
DA:126,1
DA:131,2
LF:48
LH:24
BRDA:38,0,0,18
BRDA:38,0,1,0
BRDA:49,1,0,9
BRDA:49,1,1,0
BRDA:52,2,0,0
BRDA:52,2,1,9
BRDA:54,3,0,0
BRDA:57,4,0,0
BRDA:65,5,0,0
BRDA:71,6,0,0
BRDA:71,6,1,9
BRDA:73,7,0,0
BRDA:76,8,0,0
BRDA:84,9,0,0
BRDA:92,10,0,1
BRDA:92,10,1,8
BRDA:94,11,0,9
BRDA:94,11,1,5
BRDA:94,11,2,0
BRDA:95,12,0,9
BRDA:95,12,1,0
BRDA:102,13,0,9
BRDA:102,13,1,9
BRDA:102,13,2,8
BRDA:102,13,3,8
BRDA:114,14,0,9
BRDA:114,14,1,0
BRF:27
BRH:14
end_of_record
TN:
SF:src/similarity-calculator.ts
FN:4,normalize
FN:13,(anonymous_1)
FN:26,(anonymous_2)
FNF:3
FNH:3
FNDA:34,normalize
FNDA:17,(anonymous_1)
FNDA:16,(anonymous_2)
DA:1,4
DA:2,4
DA:5,34
DA:14,17
DA:15,17
DA:17,17
DA:23,11
DA:24,11
DA:26,16
DA:27,11
DA:28,11
DA:34,11
DA:35,11
DA:36,11
DA:38,11
DA:40,11
DA:44,4
LF:17
LH:17
BRDA:17,0,0,6
BRDA:28,1,0,0
BRDA:28,1,1,11
BRDA:35,2,0,11
BRDA:35,2,1,10
BRDA:36,3,0,7
BRDA:36,3,1,4
BRF:7
BRH:6
end_of_record
TN:
SF:src/transaction-service.ts
FN:24,(anonymous_0)
FN:38,(anonymous_1)
FNF:2
FNH:2
FNDA:19,(anonymous_0)
FNDA:16,(anonymous_1)
DA:8,2
DA:31,19
DA:32,19
DA:33,19
DA:34,19
DA:35,19
DA:39,16
DA:40,2
DA:41,2
DA:42,2
DA:45,16
DA:53,16
DA:54,16
DA:56,16
DA:63,16
DA:64,7
DA:65,7
DA:69,9
DA:77,9
DA:87,9
DA:88,1
DA:97,2
LF:22
LH:22
BRDA:39,0,0,2
BRDA:63,1,0,7
BRDA:87,2,0,1
BRDA:87,3,0,9
BRDA:87,3,1,1
BRF:5
BRH:5
end_of_record
TN:
SF:src/utils.ts
FN:1,suppressConsoleLogsAsync
FN:4,(anonymous_1)
FNF:2
FNH:1
FNDA:1,suppressConsoleLogsAsync
FNDA:0,(anonymous_1)
DA:2,1
DA:4,1
DA:5,1
DA:6,1
DA:8,1
DA:11,2
LF:6
LH:6
BRF:0
BRH:0
end_of_record
TN:
SF:src/exceptions/prompt-template-exception.ts
FN:2,(anonymous_0)
FNF:1
FNH:1
FNDA:1,(anonymous_0)
DA:1,2
DA:3,1
DA:4,1
LF:3
LH:3
BRF:0
BRH:0
end_of_record
TN:
SF:src/transaction/batch-transaction-processor.ts
FN:16,(anonymous_0)
FN:24,(anonymous_1)
FN:60,(anonymous_2)
FNF:3
FNH:2
FNDA:19,(anonymous_0)
FNDA:9,(anonymous_1)
FNDA:0,(anonymous_2)
DA:20,19
DA:21,19
DA:38,9
DA:39,9
DA:43,9
DA:44,9
DA:46,9
DA:48,9
DA:58,9
DA:59,0
DA:60,0
DA:61,0
DA:68,2
LF:13
LH:10
BRDA:58,0,0,0
BRF:1
BRH:0
end_of_record
TN:
SF:src/transaction/category-suggester.ts
FN:14,(anonymous_0)
FN:24,(anonymous_1)
FN:47,(anonymous_2)
FN:53,(anonymous_3)
FN:70,(anonymous_4)
FN:86,(anonymous_5)
FNF:6
FNH:6
FNDA:19,(anonymous_0)
FNDA:1,(anonymous_1)
FNDA:1,(anonymous_2)
FNDA:2,(anonymous_3)
FNDA:1,(anonymous_4)
FNDA:1,(anonymous_5)
DA:19,19
DA:20,19
DA:21,19
DA:36,1
DA:39,1
DA:46,1
DA:47,1
DA:49,1
DA:51,1
DA:52,1
DA:53,2
DA:55,1
DA:56,0
DA:58,1
DA:59,1
DA:60,1
DA:61,1
DA:63,0
DA:69,1
DA:71,1
DA:72,1
DA:73,1
DA:74,0
DA:77,1
DA:82,1
DA:85,1
DA:87,1
DA:92,1
DA:96,0
DA:103,2
LF:30
LH:26
BRDA:55,0,0,0
BRDA:55,0,1,1
BRDA:73,1,0,0
BRDA:89,2,0,1
BRDA:89,2,1,0
BRF:5
BRH:2
end_of_record
TN:
SF:src/transaction/notes-migrator.ts
FN:14,(anonymous_0)
FN:22,(anonymous_1)
FN:25,(anonymous_2)
FNF:3
FNH:3
FNDA:19,(anonymous_0)
FNDA:16,(anonymous_1)
FNDA:18,(anonymous_2)
DA:6,2
DA:7,2
DA:18,19
DA:19,19
DA:23,16
DA:24,16
DA:25,18
DA:32,16
DA:33,2
DA:34,2
DA:36,2
DA:37,2
DA:39,2
DA:40,0
DA:41,2
DA:42,2
DA:45,2
DA:46,2
DA:52,2
LF:19
LH:18
BRDA:25,0,0,18
BRDA:25,0,1,18
BRDA:25,0,2,18
BRDA:36,1,0,2
BRDA:36,1,1,0
BRDA:39,2,0,0
BRDA:39,2,1,2
BRDA:41,3,0,2
BRDA:45,4,0,2
BRF:9
BRH:7
end_of_record
TN:
SF:src/transaction/tag-service.ts
FN:9,(anonymous_0)
FN:17,(anonymous_1)
FN:21,(anonymous_2)
FN:25,(anonymous_3)
FN:30,(anonymous_4)
FN:42,(anonymous_5)
FNF:6
FNH:6
FNDA:28,(anonymous_0)
FNDA:2,(anonymous_1)
FNDA:11,(anonymous_2)
FNDA:13,(anonymous_3)
FNDA:15,(anonymous_4)
FNDA:46,(anonymous_5)
DA:1,4
DA:2,4
DA:13,28
DA:14,28
DA:18,2
DA:22,11
DA:26,13
DA:27,13
DA:31,15
DA:43,46
DA:47,4
LF:11
LH:11
BRF:0
BRH:0
end_of_record
TN:
SF:src/transaction/transaction-filterer.ts
FN:10,(anonymous_0)
FN:14,(anonymous_1)
FN:19,(anonymous_2)
FN:25,(anonymous_3)
FN:28,(anonymous_4)
FN:37,(anonymous_5)
FN:38,(anonymous_6)
FN:43,(anonymous_7)
FN:55,(anonymous_8)
FN:61,(anonymous_9)
FN:67,(anonymous_10)
FN:73,(anonymous_11)
FN:81,(anonymous_12)
FN:87,(anonymous_13)
FN:93,(anonymous_14)
FN:99,(anonymous_15)
FN:105,(anonymous_16)
FN:110,(anonymous_17)
FN:116,(anonymous_18)
FN:123,(anonymous_19)
FN:129,(anonymous_20)
FN:159,(anonymous_21)
FN:164,(anonymous_22)
FN:170,(anonymous_23)
FN:177,(anonymous_24)
FN:183,(anonymous_25)
FNF:26
FNH:21
FNDA:24,(anonymous_0)
FNDA:210,(anonymous_1)
FNDA:214,(anonymous_2)
FNDA:214,(anonymous_3)
FNDA:21,(anonymous_4)
FNDA:42,(anonymous_5)
FNDA:21,(anonymous_6)
FNDA:63,(anonymous_7)
FNDA:56,(anonymous_8)
FNDA:48,(anonymous_9)
FNDA:48,(anonymous_10)
FNDA:48,(anonymous_11)
FNDA:48,(anonymous_12)
FNDA:42,(anonymous_13)
FNDA:38,(anonymous_14)
FNDA:36,(anonymous_15)
FNDA:36,(anonymous_16)
FNDA:38,(anonymous_17)
FNDA:18,(anonymous_18)
FNDA:2,(anonymous_19)
FNDA:0,(anonymous_20)
FNDA:28,(anonymous_21)
FNDA:0,(anonymous_22)
FNDA:0,(anonymous_23)
FNDA:0,(anonymous_24)
FNDA:0,(anonymous_25)
DA:4,3
DA:11,24
DA:19,214
DA:21,210
DA:22,13
DA:25,214
DA:34,21
DA:35,21
DA:37,42
DA:38,21
DA:39,21
DA:42,21
DA:43,63
DA:45,21
DA:46,21
DA:47,0
DA:50,21
DA:53,21
DA:55,56
DA:59,21
DA:61,48
DA:65,21
DA:67,48
DA:71,21
DA:73,48
DA:79,21
DA:81,48
DA:85,21
DA:87,42
DA:91,21
DA:93,38
DA:97,21
DA:99,36
DA:103,21
DA:106,36
DA:107,22
DA:110,14
DA:111,38
DA:112,30
DA:113,30
DA:116,18
DA:118,14
DA:122,14
DA:123,2
DA:126,14
DA:129,0
DA:132,14
DA:133,14
DA:139,14
DA:143,14
DA:145,14
DA:146,8
DA:147,8
DA:152,14
DA:157,21
DA:160,28
DA:161,28
DA:164,0
DA:165,0
DA:166,0
DA:167,0
DA:170,0
DA:172,0
DA:176,0
DA:177,0
DA:180,0
DA:183,0
DA:186,0
DA:187,0
DA:191,0
DA:193,0
DA:194,0
DA:195,0
DA:200,0
DA:205,21
DA:207,21
DA:211,3
LF:77
LH:58
BRDA:21,0,0,13
BRDA:31,1,0,0
BRDA:32,2,0,0
BRDA:37,3,0,21
BRDA:37,3,1,0
BRDA:43,4,0,63
BRDA:43,4,1,63
BRDA:46,5,0,0
BRDA:55,6,0,56
BRDA:55,6,1,8
BRDA:61,7,0,48
BRDA:61,7,1,48
BRDA:73,8,0,48
BRDA:73,8,1,48
BRDA:73,8,2,2
BRDA:73,8,3,2
BRDA:73,8,4,0
BRDA:73,8,5,0
BRDA:75,9,0,0
BRDA:75,9,1,0
BRDA:81,10,0,48
BRDA:81,10,1,46
BRDA:81,11,0,46
BRDA:81,11,1,0
BRDA:99,12,0,36
BRDA:99,12,1,36
BRDA:106,13,0,22
BRDA:111,14,0,8
BRDA:113,15,0,30
BRDA:113,15,1,26
BRDA:118,16,0,14
BRDA:118,16,1,12
BRDA:118,16,2,10
BRDA:122,17,0,2
BRDA:122,17,1,12
BRDA:126,18,0,2
BRDA:126,18,1,12
BRDA:127,19,0,2
BRDA:127,19,1,0
BRDA:127,19,2,0
BRDA:132,20,0,14
BRDA:132,20,1,8
BRDA:133,21,0,2
BRDA:133,21,1,12
BRDA:134,22,0,2
BRDA:134,22,1,2
BRDA:134,22,2,2
BRDA:134,23,0,2
BRDA:134,23,1,0
BRDA:135,24,0,2
BRDA:135,24,1,0
BRDA:136,25,0,2
BRDA:136,25,1,0
BRDA:139,26,0,14
BRDA:139,26,1,14
BRDA:139,26,2,14
BRDA:139,27,0,14
BRDA:139,27,1,0
BRDA:140,28,0,14
BRDA:140,28,1,0
BRDA:143,29,0,14
BRDA:143,29,1,8
BRDA:145,30,0,8
BRDA:146,31,0,8
BRDA:146,31,1,0
BRDA:146,31,2,0
BRDA:149,32,0,8
BRDA:149,32,1,4
BRDA:160,33,0,28
BRDA:165,34,0,0
BRDA:167,35,0,0
BRDA:167,35,1,0
BRDA:172,36,0,0
BRDA:172,36,1,0
BRDA:172,36,2,0
BRDA:176,37,0,0
BRDA:176,37,1,0
BRDA:180,38,0,0
BRDA:180,38,1,0
BRDA:181,39,0,0
BRDA:181,39,1,0
BRDA:181,39,2,0
BRDA:186,40,0,0
BRDA:186,40,1,0
BRDA:187,41,0,0
BRDA:187,41,1,0
BRDA:187,41,2,0
BRDA:187,42,0,0
BRDA:187,42,1,0
BRDA:188,43,0,0
BRDA:188,43,1,0
BRDA:191,44,0,0
BRDA:191,44,1,0
BRDA:193,45,0,0
BRDA:194,46,0,0
BRDA:194,46,1,0
BRDA:194,46,2,0
BRDA:197,47,0,0
BRDA:197,47,1,0
BRF:99
BRH:51
end_of_record
TN:
SF:src/transaction/transaction-processor.ts
FN:24,(anonymous_0)
FN:38,(anonymous_1)
FN:64,(anonymous_2)
FN:75,(anonymous_3)
FNF:4
FNH:4
FNDA:19,(anonymous_0)
FNDA:9,(anonymous_1)
FNDA:8,(anonymous_2)
FNDA:18,(anonymous_3)
DA:31,19
DA:32,19
DA:33,19
DA:34,19
DA:35,19
DA:52,9
DA:53,9
DA:54,9
DA:61,9
DA:63,8
DA:64,8
DA:66,8
DA:67,0
DA:68,0
DA:72,0
DA:75,18
DA:76,8
DA:77,7
DA:79,1
DA:80,1
DA:87,1
DA:88,1
DA:89,1
DA:98,2
LF:24
LH:21
BRDA:53,0,0,0
BRDA:66,1,0,0
BRDA:70,2,0,0
BRDA:70,2,1,0
BRDA:76,3,0,7
BRDA:76,3,1,1
BRDA:82,4,0,1
BRDA:82,4,1,0
BRDA:91,5,0,1
BRDA:91,5,1,0
BRF:10
BRH:4
end_of_record
TN:
SF:src/transaction/processing-strategy/existing-category-strategy.ts
FN:12,(anonymous_0)
FN:20,(anonymous_1)
FN:28,(anonymous_2)
FN:36,(anonymous_3)
FNF:4
FNH:4
FNDA:19,(anonymous_0)
FNDA:8,(anonymous_1)
FNDA:6,(anonymous_2)
FNDA:6,(anonymous_3)
DA:16,19
DA:17,19
DA:21,8
DA:22,2
DA:25,6
DA:33,6
DA:34,0
DA:36,6
DA:37,6
DA:39,0
DA:43,0
DA:46,6
DA:47,6
DA:55,2
LF:14
LH:11
BRDA:21,0,0,2
BRDA:33,1,0,0
BRDA:37,2,0,0
BRDA:41,3,0,0
BRDA:41,3,1,0
BRDA:49,4,0,6
BRDA:49,4,1,0
BRF:7
BRH:2
end_of_record
TN:
SF:src/transaction/processing-strategy/new-category-strategy.ts
FN:7,(anonymous_0)
FN:14,(anonymous_1)
FNF:2
FNH:2
FNDA:2,(anonymous_0)
FNDA:1,(anonymous_1)
DA:8,2
DA:9,1
DA:11,1
DA:26,1
DA:27,0
DA:29,1
DA:31,1
DA:32,1
DA:33,0
DA:35,1
DA:40,1
DA:44,2
LF:12
LH:10
BRDA:8,0,0,1
BRDA:26,1,0,0
BRDA:32,2,0,0
BRDA:32,2,1,1
BRF:4
BRH:2
end_of_record
TN:
SF:src/transaction/processing-strategy/rule-match-strategy.ts
FN:12,(anonymous_0)
FN:20,(anonymous_1)
FN:28,(anonymous_2)
FNF:3
FNH:3
FNDA:25,(anonymous_0)
FNDA:12,(anonymous_1)
FNDA:2,(anonymous_2)
DA:16,25
DA:17,25
DA:21,12
DA:22,10
DA:25,2
DA:32,2
DA:33,2
DA:35,2
DA:36,1
DA:41,1
DA:46,1
DA:53,3
LF:12
LH:12
BRDA:21,0,0,10
BRDA:32,1,0,2
BRDA:32,1,1,0
BRDA:35,2,0,1
BRF:4
BRH:3
end_of_record
TN:
SF:src/utils/error-utils.ts
FN:15,(anonymous_0)
FN:31,(anonymous_1)
FN:76,(anonymous_2)
FNF:3
FNH:0
FNDA:0,(anonymous_0)
FNDA:0,(anonymous_1)
FNDA:0,(anonymous_2)
DA:15,2
DA:16,0
DA:17,0
DA:18,0
DA:31,2
DA:32,0
DA:34,0
DA:35,0
DA:36,0
DA:37,0
DA:38,0
DA:40,0
DA:41,0
DA:42,0
DA:43,0
DA:44,0
DA:45,0
DA:50,0
DA:51,0
DA:52,0
DA:53,0
DA:54,0
DA:55,0
DA:56,0
DA:64,0
DA:68,0
DA:76,2
DA:77,0
DA:78,0
DA:79,0
DA:80,0
DA:82,0
DA:85,0
DA:88,2
LF:34
LH:4
BRDA:16,0,0,0
BRDA:17,1,0,0
BRDA:17,1,1,0
BRDA:18,2,0,0
BRDA:18,2,1,0
BRDA:18,2,2,0
BRDA:18,2,3,0
BRDA:18,2,4,0
BRDA:18,2,5,0
BRDA:32,3,0,0
BRDA:34,4,0,0
BRDA:37,5,0,0
BRDA:40,6,0,0
BRDA:40,7,0,0
BRDA:40,7,1,0
BRDA:42,8,0,0
BRDA:42,9,0,0
BRDA:42,9,1,0
BRDA:43,10,0,0
BRDA:43,10,1,0
BRDA:44,11,0,0
BRDA:44,12,0,0
BRDA:44,12,1,0
BRDA:50,13,0,0
BRDA:52,14,0,0
BRDA:55,15,0,0
BRDA:77,16,0,0
BRDA:78,17,0,0
BRDA:78,18,0,0
BRDA:78,18,1,0
BRF:30
BRH:0
end_of_record
TN:
SF:src/utils/free-web-search-service.ts
FN:12,(anonymous_9)
FN:19,(anonymous_10)
FN:61,(anonymous_11)
FN:63,(anonymous_12)
FN:64,(anonymous_13)
FN:71,(anonymous_14)
FN:85,(anonymous_15)
FN:88,(anonymous_16)
FN:91,(anonymous_17)
FN:102,(anonymous_18)
FN:109,(anonymous_19)
FN:120,(anonymous_20)
FNF:12
FNH:5
FNDA:1,(anonymous_9)
FNDA:1,(anonymous_10)
FNDA:0,(anonymous_11)
FNDA:0,(anonymous_12)
FNDA:0,(anonymous_13)
FNDA:0,(anonymous_14)
FNDA:0,(anonymous_15)
FNDA:0,(anonymous_16)
FNDA:0,(anonymous_17)
FNDA:2,(anonymous_18)
FNDA:2,(anonymous_19)
FNDA:2,(anonymous_20)
DA:1,7
DA:8,7
DA:13,1
DA:20,1
DA:21,1
DA:24,1
DA:26,1
DA:28,1
DA:29,1
DA:30,3
DA:31,3
DA:33,2
DA:34,2
DA:40,2
DA:47,2
DA:49,2
DA:51,2
DA:55,1
DA:63,0
DA:64,0
DA:65,0
DA:73,0
DA:74,0
DA:75,0
DA:77,0
DA:78,0
DA:79,0
DA:80,0
DA:81,0
DA:84,0
DA:85,0
DA:86,0
DA:88,0
DA:89,0
DA:92,0
DA:95,0
DA:103,2
DA:104,1
DA:108,1
DA:109,2
DA:114,1
DA:121,2
LF:42
LH:24
BRDA:31,0,0,1
BRDA:49,1,0,0
BRDA:61,2,0,0
BRDA:73,3,0,0
BRDA:73,4,0,0
BRDA:73,4,1,0
BRDA:77,5,0,0
BRDA:103,6,0,1
BRDA:103,7,0,2
BRDA:103,7,1,2
BRF:10
BRH:4
end_of_record
TN:
SF:src/utils/json-utils.ts
FN:7,cleanJsonResponse
FN:34,parseLlmResponse
FNF:2
FNH:2
FNDA:8,cleanJsonResponse
FNDA:8,parseLlmResponse
DA:9,8
DA:10,0
DA:14,8
DA:15,8
DA:18,8
DA:19,1
DA:23,7
DA:25,7
DA:27,7
DA:35,8
DA:36,8
DA:38,8
DA:40,8
DA:41,8
DA:43,7
DA:45,1
DA:48,7
DA:50,7
DA:52,7
DA:54,7
DA:55,3
DA:56,3
DA:58,4
DA:60,3
DA:66,3
DA:68,1
DA:69,1
DA:74,1
DA:77,0
DA:78,0
DA:79,0
DA:84,0
DA:86,0
DA:89,7
DA:90,0
DA:92,7
DA:94,1
DA:95,1
DA:99,7
LF:39
LH:32
BRDA:9,0,0,0
BRDA:18,1,0,1
BRDA:18,2,0,8
BRDA:18,2,1,7
BRDA:43,3,0,0
BRDA:43,3,1,7
BRDA:52,4,0,7
BRDA:52,4,1,7
BRDA:54,5,0,3
BRDA:54,6,0,7
BRDA:54,6,1,3
BRDA:58,7,0,3
BRDA:58,8,0,4
BRDA:58,8,1,3
BRDA:63,9,0,1
BRDA:63,9,1,2
BRDA:68,10,0,1
BRDA:68,11,0,1
BRDA:68,11,1,1
BRDA:77,12,0,0
BRDA:89,13,0,0
BRF:21
BRH:17
end_of_record
TN:
SF:src/utils/parse-rate-limit-env.ts
FN:11,parseRateLimitEnv
FNF:1
FNH:1
FNDA:33,parseRateLimitEnv
DA:11,13
DA:12,33
DA:13,8
DA:14,8
DA:16,6
DA:17,6
DA:18,3
DA:21,3
DA:24,3
DA:27,13
LF:10
LH:10
BRDA:12,0,0,25
BRDA:14,1,0,2
BRDA:17,2,0,3
BRDA:17,3,0,6
BRDA:17,3,1,4
BRDA:19,4,0,3
BRDA:19,4,1,1
BRF:7
BRH:7
end_of_record
TN:
SF:src/utils/provider-limits.ts
FNF:0
FNH:0
DA:7,6
DA:35,6
LF:2
LH:2
BRF:0
BRH:0
end_of_record
TN:
SF:src/utils/rate-limiter.ts
FN:32,(anonymous_0)
FN:36,(anonymous_1)
FN:40,(anonymous_2)
FN:44,(anonymous_3)
FN:103,(anonymous_4)
FN:126,(anonymous_5)
FN:166,(anonymous_6)
FN:182,(anonymous_7)
FN:211,(anonymous_8)
FN:228,(anonymous_9)
FN:243,(anonymous_10)
FN:274,(anonymous_11)
FN:275,(anonymous_12)
FNF:13
FNH:11
FNDA:28,(anonymous_0)
FNDA:9,(anonymous_1)
FNDA:2,(anonymous_2)
FNDA:26,(anonymous_3)
FNDA:2,(anonymous_4)
FNDA:12,(anonymous_5)
FNDA:13,(anonymous_6)
FNDA:12,(anonymous_7)
FNDA:8,(anonymous_8)
FNDA:37,(anonymous_9)
FNDA:37,(anonymous_10)
FNDA:0,(anonymous_11)
FNDA:0,(anonymous_12)
DA:22,28
DA:24,28
DA:26,28
DA:28,28
DA:30,28
DA:33,28
DA:37,9
DA:41,2
DA:54,26
DA:55,26
DA:57,26
DA:58,37
DA:59,37
DA:60,11
DA:64,37
DA:67,37
DA:69,37
DA:71,13
DA:73,13
DA:74,12
DA:77,12
DA:85,12
DA:86,2
DA:89,12
DA:90,12
DA:91,12
DA:94,1
DA:100,1
DA:104,2
DA:105,2
DA:109,2
DA:110,2
DA:112,2
DA:113,2
DA:114,2
DA:117,2
DA:127,12
DA:129,12
DA:130,12
DA:134,12
DA:135,12
DA:136,2
DA:137,2
DA:138,2
DA:141,2
DA:142,2
DA:144,2
DA:145,2
DA:146,2
DA:147,2
DA:150,2
DA:151,2
DA:157,2
DA:158,1
DA:162,0
DA:167,13
DA:169,13
DA:170,13
DA:171,10
DA:175,3
DA:176,3
DA:179,0
DA:183,12
DA:184,12
DA:186,12
DA:187,12
DA:188,3
DA:189,3
DA:190,3
DA:194,9
DA:195,9
DA:196,1
DA:197,1
DA:198,1
DA:199,1
DA:200,1
DA:205,0
DA:208,8
DA:218,8
DA:221,8
DA:222,3
DA:225,8
DA:229,37
DA:230,37
DA:231,37
DA:234,37
DA:235,13
DA:237,24
DA:240,37
DA:244,37
DA:245,37
DA:246,37
DA:247,37
DA:248,37
DA:251,37
DA:252,37
DA:254,3
DA:255,3
DA:256,3
DA:257,3
DA:258,3
DA:263,34
DA:265,2
DA:267,2
DA:268,2
DA:269,2
DA:275,0
DA:276,0
DA:281,5
LF:109
LH:104
BRDA:32,0,0,26
BRDA:47,1,0,22
BRDA:59,2,0,11
BRDA:73,3,0,12
BRDA:73,3,1,1
BRDA:77,4,0,12
BRDA:77,4,1,8
BRDA:85,5,0,2
BRDA:109,6,0,2
BRDA:113,7,0,2
BRDA:114,8,0,0
BRDA:120,9,0,2
BRDA:120,9,1,1
BRDA:121,10,0,2
BRDA:121,10,1,0
BRDA:122,11,0,2
BRDA:122,11,1,2
BRDA:127,12,0,0
BRDA:135,13,0,2
BRDA:144,14,0,2
BRDA:145,15,0,0
BRDA:145,15,1,2
BRDA:157,16,0,1
BRDA:167,17,0,13
BRDA:170,18,0,10
BRDA:170,19,0,13
BRDA:170,19,1,10
BRDA:176,20,0,3
BRDA:176,20,1,2
BRDA:183,21,0,12
BRDA:187,22,0,3
BRDA:188,23,0,1
BRDA:188,23,1,2
BRDA:195,24,0,1
BRDA:195,25,0,9
BRDA:195,25,1,1
BRDA:197,26,0,1
BRDA:197,27,0,1
BRDA:197,27,1,1
BRDA:199,28,0,1
BRDA:199,29,0,1
BRDA:199,29,1,1
BRDA:221,30,0,3
BRDA:230,31,0,37
BRDA:230,31,1,13
BRDA:231,32,0,37
BRDA:231,32,1,13
BRDA:234,33,0,13
BRDA:234,33,1,24
BRDA:244,34,0,37
BRDA:244,34,1,23
BRDA:245,35,0,37
BRDA:245,35,1,13
BRDA:246,36,0,37
BRDA:246,36,1,13
BRDA:252,37,0,3
BRDA:252,38,0,37
BRDA:252,38,1,3
BRDA:254,39,0,3
BRDA:263,40,0,2
BRDA:263,41,0,34
BRDA:263,41,1,14
BRDA:265,42,0,2
BRF:63
BRH:59
end_of_record
TN:
SF:src/utils/rule-utils.ts
FN:8,transformRulesToDescriptions
FN:13,(anonymous_1)
FN:14,(anonymous_2)
FN:15,(anonymous_3)
FN:17,(anonymous_4)
FN:20,(anonymous_5)
FN:28,(anonymous_6)
FN:29,(anonymous_7)
FN:29,(anonymous_8)
FN:37,(anonymous_9)
FNF:10
FNH:6
FNDA:14,transformRulesToDescriptions
FNDA:8,(anonymous_1)
FNDA:8,(anonymous_2)
FNDA:6,(anonymous_3)
FNDA:6,(anonymous_4)
FNDA:8,(anonymous_5)
FNDA:0,(anonymous_6)
FNDA:0,(anonymous_7)
FNDA:0,(anonymous_8)
FNDA:0,(anonymous_9)
DA:8,3
DA:13,14
DA:14,8
DA:16,6
DA:17,6
DA:19,6
DA:20,8
DA:23,6
DA:24,5
DA:25,3
DA:28,6
DA:29,0
DA:31,0
DA:36,6
DA:44,0
DA:51,0
DA:52,0
DA:54,0
DA:57,0
DA:66,3
LF:20
LH:13
BRDA:11,0,0,5
BRDA:14,1,0,8
BRDA:14,1,1,8
BRDA:14,1,2,6
BRDA:17,2,0,6
BRDA:17,2,1,6
BRDA:17,2,2,6
BRDA:20,3,0,8
BRDA:20,3,1,8
BRDA:23,4,0,1
BRDA:23,4,1,5
BRDA:23,5,0,6
BRDA:23,5,1,1
BRDA:24,6,0,2
BRDA:24,6,1,3
BRDA:29,7,0,0
BRDA:29,7,1,0
BRDA:31,8,0,0
BRDA:31,8,1,0
BRDA:51,9,0,0
BRDA:51,9,1,0
BRDA:51,10,0,0
BRDA:51,10,1,0
BRDA:54,11,0,0
BRDA:54,11,1,0
BRDA:60,12,0,6
BRDA:60,12,1,0
BRDA:61,13,0,0
BRDA:61,13,1,6
BRF:29
BRH:17
end_of_record
TN:
SF:src/utils/tool-service.ts
FN:38,(anonymous_10)
FN:47,(anonymous_11)
FN:57,(anonymous_12)
FN:71,(anonymous_13)
FN:88,(anonymous_14)
FN:100,(anonymous_15)
FN:106,(anonymous_16)
FN:125,(anonymous_17)
FN:131,(anonymous_18)
FN:150,(anonymous_19)
FN:154,(anonymous_20)
FN:167,(anonymous_21)
FN:185,(anonymous_22)
FN:194,(anonymous_23)
FN:218,(anonymous_24)
FN:228,(anonymous_25)
FN:238,(anonymous_26)
FN:245,(anonymous_27)
FN:248,(anonymous_28)
FN:252,(anonymous_29)
FN:266,(anonymous_30)
FN:274,(anonymous_31)
FN:286,(anonymous_32)
FN:295,(anonymous_33)
FN:304,(anonymous_34)
FN:311,(anonymous_35)
FN:312,(anonymous_36)
FN:313,(anonymous_37)
FN:318,(anonymous_38)
FNF:29
FNH:17
FNDA:7,(anonymous_10)
FNDA:0,(anonymous_11)
FNDA:0,(anonymous_12)
FNDA:0,(anonymous_13)
FNDA:5,(anonymous_14)
FNDA:0,(anonymous_15)
FNDA:0,(anonymous_16)
FNDA:208,(anonymous_17)
FNDA:207,(anonymous_18)
FNDA:208,(anonymous_19)
FNDA:208,(anonymous_20)
FNDA:207,(anonymous_21)
FNDA:207,(anonymous_22)
FNDA:208,(anonymous_23)
FNDA:1,(anonymous_24)
FNDA:0,(anonymous_25)
FNDA:0,(anonymous_26)
FNDA:0,(anonymous_27)
FNDA:0,(anonymous_28)
FNDA:0,(anonymous_29)
FNDA:0,(anonymous_30)
FNDA:1,(anonymous_31)
FNDA:3,(anonymous_32)
FNDA:3,(anonymous_33)
FNDA:3,(anonymous_34)
FNDA:3,(anonymous_35)
FNDA:3,(anonymous_36)
FNDA:3,(anonymous_37)
FNDA:0,(anonymous_38)
DA:1,6
DA:2,6
DA:3,6
DA:5,6
DA:6,6
DA:23,6
DA:24,6
DA:26,6
DA:32,7
DA:34,7
DA:36,7
DA:39,7
DA:40,7
DA:48,0
DA:49,0
DA:51,0
DA:52,0
DA:58,0
DA:59,0
DA:60,0
DA:65,0
DA:66,0
DA:72,0
DA:73,0
DA:74,0
DA:75,0
DA:77,0
DA:78,0
DA:79,0
DA:85,0
DA:89,5
DA:91,5
DA:92,0
DA:101,0
DA:107,0
DA:108,0
DA:109,0
DA:116,5
DA:117,5
DA:126,208
DA:132,207
DA:133,206
DA:134,206
DA:135,205
DA:137,1
DA:138,1
DA:139,1
DA:147,5
DA:151,208
DA:158,208
DA:159,208
DA:160,2
DA:161,1
DA:162,1
DA:164,1
DA:172,207
DA:173,207
DA:174,2
DA:175,2
DA:176,2
DA:179,207
DA:186,207
DA:187,207
DA:188,20301
DA:189,0
DA:207,208
DA:208,208
DA:209,208
DA:210,208
DA:211,208
DA:212,207
DA:213,207
DA:214,207
DA:215,207
DA:219,1
DA:220,1
DA:221,1
DA:222,1
DA:223,1
DA:224,1
DA:229,0
DA:238,0
DA:239,0
DA:245,0
DA:246,0
DA:248,0
DA:249,0
DA:252,0
DA:253,0
DA:254,0
DA:255,0
DA:256,0
DA:258,0
DA:261,0
DA:266,0
DA:267,0
DA:270,0
DA:275,1
DA:276,0
DA:279,1
DA:280,0
DA:283,1
DA:286,1
DA:289,3
DA:294,3
DA:295,3
DA:297,3
DA:298,3
DA:303,1
DA:304,3
DA:308,1
DA:312,3
DA:313,3
DA:315,3
DA:317,0
DA:318,0
DA:320,0
LF:117
LH:72
BRDA:49,0,0,0
BRDA:51,1,0,0
BRDA:58,2,0,0
BRDA:65,3,0,0
BRDA:69,4,0,0
BRDA:69,4,1,0
BRDA:72,5,0,0
BRDA:79,6,0,0
BRDA:79,6,1,0
BRDA:91,7,0,0
BRDA:107,8,0,0
BRDA:116,9,0,5
BRDA:129,10,0,208
BRDA:129,10,1,207
BRDA:132,11,0,1
BRDA:139,12,0,1
BRDA:139,12,1,0
BRDA:159,13,0,206
BRDA:160,14,0,1
BRDA:173,15,0,2
BRDA:175,16,0,2
BRDA:188,17,0,0
BRDA:208,18,0,0
BRDA:211,19,0,1
BRDA:219,20,0,0
BRDA:220,21,0,1
BRDA:220,21,1,0
BRDA:220,22,0,0
BRDA:220,22,1,0
BRDA:222,23,0,1
BRDA:222,23,1,0
BRDA:223,24,0,1
BRDA:223,25,0,1
BRDA:223,25,1,0
BRDA:253,26,0,0
BRDA:253,26,1,0
BRDA:253,27,0,0
BRDA:253,27,1,0
BRDA:253,27,2,0
BRDA:275,28,0,0
BRDA:279,29,0,0
BRDA:290,30,0,1
BRDA:290,30,1,2
BRDA:291,31,0,1
BRDA:291,31,1,2
BRDA:292,32,0,1
BRDA:292,32,1,2
BRDA:297,33,0,3
BRDA:305,34,0,3
BRDA:305,34,1,2
BRDA:315,35,0,3
BRDA:315,36,0,3
BRDA:315,36,1,2
BRF:53
BRH:26
end_of_record
